Tue 16 May 2023 16:59:13 INFO  
General Hyper Parameters:
gpu_id = 0
use_gpu = True
seed = 212
state = INFO
reproducibility = True
data_path = dataset/Amazon_Toys_and_Games
show_progress = True
save_dataset = False
save_dataloaders = False
benchmark_filename = None

Training Hyper Parameters:
checkpoint_dir = saved
epochs = 200
train_batch_size = 1024
learner = adam
learning_rate = 0.0001
eval_step = 2
stopping_step = 10
clip_grad_norm = None
weight_decay = 0.0
loss_decimal_place = 4

Evaluation Hyper Parameters:
eval_args = {'split': {'LS': 'valid_and_test'}, 'group_by': 'user', 'order': 'TO', 'mode': 'full'}
metrics = ['Recall', 'NDCG']
topk = [3, 5, 10, 20]
valid_metric = Recall@20
valid_metric_bigger = True
eval_batch_size = 256
metric_decimal_place = 4

Dataset Hyper Parameters:
field_separator = 	
seq_separator =  
USER_ID_FIELD = user_id
ITEM_ID_FIELD = item_id
RATING_FIELD = rating
TIME_FIELD = timestamp
seq_len = None
LABEL_FIELD = label
threshold = None
NEG_PREFIX = neg_
load_col = {'inter': ['user_id', 'item_id', 'rating', 'timestamp'], 'item': ['item_id', 'title', 'sales_rank', 'price', 'brand', 'categories', 'sales_type']}
unload_col = None
unused_col = None
additional_feat_suffix = None
rm_dup_inter = None
val_interval = None
filter_inter_by_user_or_item = True
user_inter_num_interval = [5,inf)
item_inter_num_interval = [5,inf)
alias_of_user_id = None
alias_of_item_id = None
alias_of_entity_id = None
alias_of_relation_id = None
preload_weight = None
normalize_field = None
normalize_all = None
ITEM_LIST_LENGTH_FIELD = item_length
LIST_SUFFIX = _list
MAX_ITEM_LIST_LENGTH = 50
POSITION_FIELD = position_id
HEAD_ENTITY_ID_FIELD = head_id
TAIL_ENTITY_ID_FIELD = tail_id
RELATION_ID_FIELD = relation_id
ENTITY_ID_FIELD = entity_id

Other Hyper Parameters: 
neg_sampling = None
multi_gpus = False
repeatable = True
n_layers = 3
n_heads = 4
hidden_size = 256
inner_size = 256
hidden_dropout_prob = 0.5
attn_dropout_prob = 0.3
hidden_act = gelu
layer_norm_eps = 1e-12
initializer_range = 0.02
item_attribute = categories
mask_ratio = 0.2
aap_weight = 1.0
mip_weight = 0.2
map_weight = 1.0
sp_weight = 0.5
train_stage = pretrain
pretrain_epochs = 500
save_step = 10
pre_model_path = 
loss_type = CE
MODEL_TYPE = ModelType.SEQUENTIAL
attribute_hidden_size = [64]
selected_features = ['categories']
pooling_mode = sum
weight_sharing = not
fusion_type = gate
lamdas = [5]
attribute_predictor = linear
MODEL_INPUT_TYPE = InputType.POINTWISE
eval_type = EvaluatorType.RANKING
device = cuda
train_neg_sample_args = {'strategy': 'none'}
eval_neg_sample_args = {'strategy': 'full', 'distribution': 'uniform'}


Tue 16 May 2023 16:59:14 INFO  Amazon_Toys_and_Games
The number of users: 9446
Average actions of users: 8.863313922710429
The number of items: 4709
Average actions of items: 17.781223449447747
The number of inters: 83714
The sparsity of the dataset: 99.81179920134375%
Remain Fields: ['user_id', 'item_id', 'rating', 'timestamp', 'title', 'price', 'sales_type', 'sales_rank', 'brand', 'categories']
Tue 16 May 2023 16:59:14 INFO  [Training]: train_batch_size = [1024] negative sampling: [None]
Tue 16 May 2023 16:59:14 INFO  [Evaluation]: eval_batch_size = [256] eval_args: [{'split': {'LS': 'valid_and_test'}, 'group_by': 'user', 'order': 'TO', 'mode': 'full'}]
Tue 16 May 2023 16:59:15 INFO  S3Rec(
  (item_embedding): Embedding(4710, 256, padding_idx=0)
  (position_embedding): Embedding(50, 256)
  (feature_embedding): Embedding(785, 256, padding_idx=0)
  (trm_encoder): TransformerEncoder(
    (layer): ModuleList(
      (0): TransformerLayer(
        (multi_head_attention): MultiHeadAttention(
          (query): Linear(in_features=256, out_features=256, bias=True)
          (key): Linear(in_features=256, out_features=256, bias=True)
          (value): Linear(in_features=256, out_features=256, bias=True)
          (attn_dropout): Dropout(p=0.3, inplace=False)
          (dense): Linear(in_features=256, out_features=256, bias=True)
          (LayerNorm): LayerNorm((256,), eps=1e-12, elementwise_affine=True)
          (out_dropout): Dropout(p=0.5, inplace=False)
        )
        (feed_forward): FeedForward(
          (dense_1): Linear(in_features=256, out_features=256, bias=True)
          (dense_2): Linear(in_features=256, out_features=256, bias=True)
          (LayerNorm): LayerNorm((256,), eps=1e-12, elementwise_affine=True)
          (dropout): Dropout(p=0.5, inplace=False)
        )
      )
      (1): TransformerLayer(
        (multi_head_attention): MultiHeadAttention(
          (query): Linear(in_features=256, out_features=256, bias=True)
          (key): Linear(in_features=256, out_features=256, bias=True)
          (value): Linear(in_features=256, out_features=256, bias=True)
          (attn_dropout): Dropout(p=0.3, inplace=False)
          (dense): Linear(in_features=256, out_features=256, bias=True)
          (LayerNorm): LayerNorm((256,), eps=1e-12, elementwise_affine=True)
          (out_dropout): Dropout(p=0.5, inplace=False)
        )
        (feed_forward): FeedForward(
          (dense_1): Linear(in_features=256, out_features=256, bias=True)
          (dense_2): Linear(in_features=256, out_features=256, bias=True)
          (LayerNorm): LayerNorm((256,), eps=1e-12, elementwise_affine=True)
          (dropout): Dropout(p=0.5, inplace=False)
        )
      )
      (2): TransformerLayer(
        (multi_head_attention): MultiHeadAttention(
          (query): Linear(in_features=256, out_features=256, bias=True)
          (key): Linear(in_features=256, out_features=256, bias=True)
          (value): Linear(in_features=256, out_features=256, bias=True)
          (attn_dropout): Dropout(p=0.3, inplace=False)
          (dense): Linear(in_features=256, out_features=256, bias=True)
          (LayerNorm): LayerNorm((256,), eps=1e-12, elementwise_affine=True)
          (out_dropout): Dropout(p=0.5, inplace=False)
        )
        (feed_forward): FeedForward(
          (dense_1): Linear(in_features=256, out_features=256, bias=True)
          (dense_2): Linear(in_features=256, out_features=256, bias=True)
          (LayerNorm): LayerNorm((256,), eps=1e-12, elementwise_affine=True)
          (dropout): Dropout(p=0.5, inplace=False)
        )
      )
    )
  )
  (LayerNorm): LayerNorm((256,), eps=1e-12, elementwise_affine=True)
  (dropout): Dropout(p=0.5, inplace=False)
  (aap_norm): Linear(in_features=256, out_features=256, bias=True)
  (mip_norm): Linear(in_features=256, out_features=256, bias=True)
  (map_norm): Linear(in_features=256, out_features=256, bias=True)
  (sp_norm): Linear(in_features=256, out_features=256, bias=True)
  (loss_fct): BCELoss()
)
Trainable parameters: 2870528
Tue 16 May 2023 17:00:28 INFO  epoch 0 training [time: 73.72s, train loss: 111860675.1797]
Tue 16 May 2023 17:01:37 INFO  epoch 1 training [time: 68.91s, train loss: 12243938.9590]
Tue 16 May 2023 17:02:46 INFO  epoch 2 training [time: 68.77s, train loss: 7466389.3223]
Tue 16 May 2023 17:03:55 INFO  epoch 3 training [time: 68.66s, train loss: 6977684.6445]
Tue 16 May 2023 17:05:03 INFO  epoch 4 training [time: 68.83s, train loss: 6805858.0791]
Tue 16 May 2023 17:06:12 INFO  epoch 5 training [time: 68.51s, train loss: 6723997.0068]
Tue 16 May 2023 17:07:20 INFO  epoch 6 training [time: 68.31s, train loss: 6675372.8076]
Tue 16 May 2023 17:08:29 INFO  epoch 7 training [time: 68.56s, train loss: 6644153.8965]
Tue 16 May 2023 17:09:38 INFO  epoch 8 training [time: 69.09s, train loss: 6623464.3438]
Tue 16 May 2023 17:10:47 INFO  epoch 9 training [time: 68.98s, train loss: 6610753.8311]
Tue 16 May 2023 17:10:47 INFO  Saving current: saved\S3Rec-Amazon_Toys_and_Games-10.pth
Tue 16 May 2023 17:11:56 INFO  epoch 10 training [time: 68.95s, train loss: 6602775.9473]
Tue 16 May 2023 17:13:05 INFO  epoch 11 training [time: 69.12s, train loss: 6595350.9189]
Tue 16 May 2023 17:14:14 INFO  epoch 12 training [time: 69.03s, train loss: 6589641.8438]
Tue 16 May 2023 17:15:23 INFO  epoch 13 training [time: 68.91s, train loss: 6581844.6621]
Tue 16 May 2023 17:16:32 INFO  epoch 14 training [time: 69.04s, train loss: 6574988.9199]
Tue 16 May 2023 17:17:41 INFO  epoch 15 training [time: 68.79s, train loss: 6571631.2812]
Tue 16 May 2023 17:18:50 INFO  epoch 16 training [time: 69.10s, train loss: 6560878.7109]
Tue 16 May 2023 17:19:59 INFO  epoch 17 training [time: 68.87s, train loss: 6544184.7324]
Tue 16 May 2023 17:21:08 INFO  epoch 18 training [time: 69.19s, train loss: 6522280.2480]
Tue 16 May 2023 17:22:17 INFO  epoch 19 training [time: 69.01s, train loss: 6486174.4551]
Tue 16 May 2023 17:22:17 INFO  Saving current: saved\S3Rec-Amazon_Toys_and_Games-20.pth
Tue 16 May 2023 17:23:26 INFO  epoch 20 training [time: 68.88s, train loss: 6450082.0234]
Tue 16 May 2023 17:24:35 INFO  epoch 21 training [time: 69.09s, train loss: 6397854.3916]
Tue 16 May 2023 17:25:44 INFO  epoch 22 training [time: 68.89s, train loss: 6318134.4902]
Tue 16 May 2023 17:26:54 INFO  epoch 23 training [time: 70.46s, train loss: 6195269.5469]
Tue 16 May 2023 17:28:04 INFO  epoch 24 training [time: 69.15s, train loss: 6059212.5195]
Tue 16 May 2023 17:29:12 INFO  epoch 25 training [time: 68.70s, train loss: 5932643.5791]
Tue 16 May 2023 17:30:21 INFO  epoch 26 training [time: 68.82s, train loss: 5805983.0586]
Tue 16 May 2023 17:31:30 INFO  epoch 27 training [time: 68.72s, train loss: 5687948.6484]
Tue 16 May 2023 17:32:39 INFO  epoch 28 training [time: 68.97s, train loss: 5560468.1904]
Tue 16 May 2023 17:33:47 INFO  epoch 29 training [time: 68.68s, train loss: 5408659.2646]
Tue 16 May 2023 17:33:47 INFO  Saving current: saved\S3Rec-Amazon_Toys_and_Games-30.pth
Tue 16 May 2023 17:34:56 INFO  epoch 30 training [time: 68.79s, train loss: 5203934.2764]
Tue 16 May 2023 17:36:08 INFO  epoch 31 training [time: 71.74s, train loss: 4927881.6680]
Tue 16 May 2023 17:37:26 INFO  epoch 32 training [time: 78.43s, train loss: 4618609.6328]
Tue 16 May 2023 17:38:53 INFO  epoch 33 training [time: 86.39s, train loss: 4321775.5371]
Tue 16 May 2023 17:40:19 INFO  epoch 34 training [time: 85.79s, train loss: 4058319.7090]
Tue 16 May 2023 17:41:44 INFO  epoch 35 training [time: 85.80s, train loss: 3825353.5195]
Tue 16 May 2023 17:43:10 INFO  epoch 36 training [time: 85.94s, train loss: 3637785.4414]
Tue 16 May 2023 17:44:29 INFO  epoch 37 training [time: 78.91s, train loss: 3461957.4707]
Tue 16 May 2023 17:45:45 INFO  epoch 38 training [time: 75.88s, train loss: 3322961.6724]
Tue 16 May 2023 17:46:57 INFO  epoch 39 training [time: 71.65s, train loss: 3182909.6416]
Tue 16 May 2023 17:46:57 INFO  Saving current: saved\S3Rec-Amazon_Toys_and_Games-40.pth
Tue 16 May 2023 17:48:07 INFO  epoch 40 training [time: 70.48s, train loss: 3069663.0908]
Tue 16 May 2023 17:49:19 INFO  epoch 41 training [time: 71.98s, train loss: 2968725.2964]
Tue 16 May 2023 17:50:32 INFO  epoch 42 training [time: 72.17s, train loss: 2861891.4333]
Tue 16 May 2023 17:51:43 INFO  epoch 43 training [time: 71.86s, train loss: 2769627.6313]
Tue 16 May 2023 17:52:56 INFO  epoch 44 training [time: 72.39s, train loss: 2676147.3557]
Tue 16 May 2023 17:54:05 INFO  epoch 45 training [time: 68.84s, train loss: 2601015.0117]
Tue 16 May 2023 17:55:14 INFO  epoch 46 training [time: 69.36s, train loss: 2527382.7002]
Tue 16 May 2023 17:56:23 INFO  epoch 47 training [time: 68.74s, train loss: 2449923.8408]
Tue 16 May 2023 17:57:31 INFO  epoch 48 training [time: 68.55s, train loss: 2383467.2544]
Tue 16 May 2023 17:58:42 INFO  epoch 49 training [time: 70.29s, train loss: 2313136.7681]
Tue 16 May 2023 17:58:42 INFO  Saving current: saved\S3Rec-Amazon_Toys_and_Games-50.pth
Tue 16 May 2023 17:59:50 INFO  epoch 50 training [time: 68.84s, train loss: 2265391.8828]
Tue 16 May 2023 18:01:01 INFO  epoch 51 training [time: 70.09s, train loss: 2196873.5688]
Tue 16 May 2023 18:02:08 INFO  epoch 52 training [time: 67.83s, train loss: 2145680.7065]
Tue 16 May 2023 18:03:17 INFO  epoch 53 training [time: 68.35s, train loss: 2102012.8564]
Tue 16 May 2023 18:04:26 INFO  epoch 54 training [time: 69.10s, train loss: 2057130.9521]
Tue 16 May 2023 18:05:36 INFO  epoch 55 training [time: 69.94s, train loss: 2013481.0830]
Tue 16 May 2023 18:06:49 INFO  epoch 56 training [time: 72.95s, train loss: 1965306.9465]
Tue 16 May 2023 18:07:57 INFO  epoch 57 training [time: 68.44s, train loss: 1923121.7766]
Tue 16 May 2023 18:09:06 INFO  epoch 58 training [time: 68.69s, train loss: 1903732.6350]
Tue 16 May 2023 18:10:14 INFO  epoch 59 training [time: 68.63s, train loss: 1851173.8340]
Tue 16 May 2023 18:10:15 INFO  Saving current: saved\S3Rec-Amazon_Toys_and_Games-60.pth
Tue 16 May 2023 18:11:23 INFO  epoch 60 training [time: 68.73s, train loss: 1827656.8677]
Tue 16 May 2023 18:12:32 INFO  epoch 61 training [time: 68.70s, train loss: 1800712.0042]
Tue 16 May 2023 18:13:40 INFO  epoch 62 training [time: 67.99s, train loss: 1767484.1335]
Tue 16 May 2023 18:14:48 INFO  epoch 63 training [time: 68.28s, train loss: 1733453.5859]
Tue 16 May 2023 18:15:56 INFO  epoch 64 training [time: 68.10s, train loss: 1699163.1355]
Tue 16 May 2023 18:17:04 INFO  epoch 65 training [time: 68.16s, train loss: 1688058.4175]
Tue 16 May 2023 18:18:13 INFO  epoch 66 training [time: 68.07s, train loss: 1661908.5872]
Tue 16 May 2023 18:19:21 INFO  epoch 67 training [time: 67.95s, train loss: 1639122.5818]
Tue 16 May 2023 18:20:28 INFO  epoch 68 training [time: 67.61s, train loss: 1620315.2393]
Tue 16 May 2023 18:21:36 INFO  epoch 69 training [time: 67.44s, train loss: 1603393.3894]
Tue 16 May 2023 18:21:36 INFO  Saving current: saved\S3Rec-Amazon_Toys_and_Games-70.pth
Tue 16 May 2023 18:22:49 INFO  epoch 70 training [time: 73.22s, train loss: 1575081.1565]
Tue 16 May 2023 18:23:58 INFO  epoch 71 training [time: 68.86s, train loss: 1560188.7662]
Tue 16 May 2023 18:25:06 INFO  epoch 72 training [time: 68.43s, train loss: 1542972.0137]
Tue 16 May 2023 18:26:14 INFO  epoch 73 training [time: 68.33s, train loss: 1522242.3418]
Tue 16 May 2023 18:27:23 INFO  epoch 74 training [time: 68.44s, train loss: 1512898.2307]
Tue 16 May 2023 18:28:31 INFO  epoch 75 training [time: 68.45s, train loss: 1492989.9746]
Tue 16 May 2023 18:29:40 INFO  epoch 76 training [time: 68.14s, train loss: 1490541.5298]
Tue 16 May 2023 18:30:48 INFO  epoch 77 training [time: 68.16s, train loss: 1469064.7134]
Tue 16 May 2023 18:31:55 INFO  epoch 78 training [time: 67.28s, train loss: 1462424.3589]
Tue 16 May 2023 18:33:02 INFO  epoch 79 training [time: 67.50s, train loss: 1443875.9326]
Tue 16 May 2023 18:33:02 INFO  Saving current: saved\S3Rec-Amazon_Toys_and_Games-80.pth
Tue 16 May 2023 18:34:16 INFO  epoch 80 training [time: 73.77s, train loss: 1431095.2112]
Tue 16 May 2023 18:35:25 INFO  epoch 81 training [time: 68.60s, train loss: 1426086.5337]
Tue 16 May 2023 18:36:34 INFO  epoch 82 training [time: 69.34s, train loss: 1422348.0660]
Tue 16 May 2023 18:37:43 INFO  epoch 83 training [time: 68.35s, train loss: 1392900.4590]
Tue 16 May 2023 18:38:52 INFO  epoch 84 training [time: 68.95s, train loss: 1391307.3365]
Tue 16 May 2023 18:40:00 INFO  epoch 85 training [time: 68.23s, train loss: 1380551.1436]
Tue 16 May 2023 18:41:08 INFO  epoch 86 training [time: 68.35s, train loss: 1372703.5244]
Tue 16 May 2023 18:42:16 INFO  epoch 87 training [time: 67.74s, train loss: 1365528.0830]
Tue 16 May 2023 18:43:23 INFO  epoch 88 training [time: 67.65s, train loss: 1355311.5996]
Tue 16 May 2023 18:44:31 INFO  epoch 89 training [time: 67.90s, train loss: 1344835.9727]
Tue 16 May 2023 18:44:31 INFO  Saving current: saved\S3Rec-Amazon_Toys_and_Games-90.pth
Tue 16 May 2023 18:45:39 INFO  epoch 90 training [time: 67.68s, train loss: 1339470.1145]
Tue 16 May 2023 18:46:47 INFO  epoch 91 training [time: 67.86s, train loss: 1329383.7113]
Tue 16 May 2023 18:47:55 INFO  epoch 92 training [time: 67.66s, train loss: 1332207.5383]
Tue 16 May 2023 18:49:02 INFO  epoch 93 training [time: 67.70s, train loss: 1324895.9349]
Tue 16 May 2023 18:50:10 INFO  epoch 94 training [time: 67.68s, train loss: 1309006.1392]
Tue 16 May 2023 18:51:18 INFO  epoch 95 training [time: 67.65s, train loss: 1299716.7567]
Tue 16 May 2023 18:52:25 INFO  epoch 96 training [time: 67.81s, train loss: 1298819.1636]
Tue 16 May 2023 18:53:33 INFO  epoch 97 training [time: 67.47s, train loss: 1295354.7252]
Tue 16 May 2023 18:54:41 INFO  epoch 98 training [time: 67.87s, train loss: 1296858.6843]
Tue 16 May 2023 18:55:48 INFO  epoch 99 training [time: 67.57s, train loss: 1281280.7632]
Tue 16 May 2023 18:55:48 INFO  Saving current: saved\S3Rec-Amazon_Toys_and_Games-100.pth
Tue 16 May 2023 18:56:56 INFO  epoch 100 training [time: 67.90s, train loss: 1271625.1257]
Tue 16 May 2023 18:58:04 INFO  epoch 101 training [time: 67.69s, train loss: 1281176.8535]
Tue 16 May 2023 18:59:12 INFO  epoch 102 training [time: 67.59s, train loss: 1277741.8121]
Tue 16 May 2023 19:00:19 INFO  epoch 103 training [time: 67.68s, train loss: 1260449.1307]
Tue 16 May 2023 19:01:27 INFO  epoch 104 training [time: 67.70s, train loss: 1260681.9779]
Tue 16 May 2023 19:02:35 INFO  epoch 105 training [time: 67.78s, train loss: 1256772.3142]
Tue 16 May 2023 19:03:42 INFO  epoch 106 training [time: 67.55s, train loss: 1251396.0667]
Tue 16 May 2023 19:04:50 INFO  epoch 107 training [time: 67.81s, train loss: 1251120.5244]
Tue 16 May 2023 19:05:58 INFO  epoch 108 training [time: 67.61s, train loss: 1247825.7112]
Tue 16 May 2023 19:07:06 INFO  epoch 109 training [time: 67.82s, train loss: 1241437.9873]
Tue 16 May 2023 19:07:06 INFO  Saving current: saved\S3Rec-Amazon_Toys_and_Games-110.pth
Tue 16 May 2023 19:08:13 INFO  epoch 110 training [time: 67.68s, train loss: 1233959.0833]
Tue 16 May 2023 19:09:21 INFO  epoch 111 training [time: 67.63s, train loss: 1232573.5895]
Tue 16 May 2023 19:10:29 INFO  epoch 112 training [time: 67.71s, train loss: 1231374.1036]
Tue 16 May 2023 19:11:36 INFO  epoch 113 training [time: 67.58s, train loss: 1226390.4746]
Tue 16 May 2023 19:12:44 INFO  epoch 114 training [time: 68.08s, train loss: 1227840.0107]
Tue 16 May 2023 19:13:52 INFO  epoch 115 training [time: 67.80s, train loss: 1224435.7377]
Tue 16 May 2023 19:15:00 INFO  epoch 116 training [time: 68.06s, train loss: 1216574.3120]
Tue 16 May 2023 19:16:08 INFO  epoch 117 training [time: 68.01s, train loss: 1221643.8843]
Tue 16 May 2023 19:17:16 INFO  epoch 118 training [time: 67.85s, train loss: 1219389.7531]
Tue 16 May 2023 19:18:24 INFO  epoch 119 training [time: 68.09s, train loss: 1218468.7721]
Tue 16 May 2023 19:18:24 INFO  Saving current: saved\S3Rec-Amazon_Toys_and_Games-120.pth
Tue 16 May 2023 19:19:32 INFO  epoch 120 training [time: 67.82s, train loss: 1205924.2784]
Tue 16 May 2023 19:20:40 INFO  epoch 121 training [time: 68.05s, train loss: 1200431.0562]
Tue 16 May 2023 19:21:48 INFO  epoch 122 training [time: 67.95s, train loss: 1205916.8173]
Tue 16 May 2023 19:22:56 INFO  epoch 123 training [time: 68.12s, train loss: 1200829.3492]
Tue 16 May 2023 19:24:04 INFO  epoch 124 training [time: 67.96s, train loss: 1200039.8356]
Tue 16 May 2023 19:25:12 INFO  epoch 125 training [time: 67.97s, train loss: 1190910.9122]
Tue 16 May 2023 19:26:20 INFO  epoch 126 training [time: 68.05s, train loss: 1192096.9971]
Tue 16 May 2023 19:27:28 INFO  epoch 127 training [time: 67.92s, train loss: 1186841.6847]
Tue 16 May 2023 19:28:36 INFO  epoch 128 training [time: 68.08s, train loss: 1186014.6758]
Tue 16 May 2023 19:29:44 INFO  epoch 129 training [time: 67.84s, train loss: 1194997.8508]
Tue 16 May 2023 19:29:44 INFO  Saving current: saved\S3Rec-Amazon_Toys_and_Games-130.pth
Tue 16 May 2023 19:30:52 INFO  epoch 130 training [time: 68.06s, train loss: 1195921.3798]
Tue 16 May 2023 19:32:00 INFO  epoch 131 training [time: 67.93s, train loss: 1180276.2135]
Tue 16 May 2023 19:33:08 INFO  epoch 132 training [time: 68.02s, train loss: 1178523.6926]
Tue 16 May 2023 19:34:16 INFO  epoch 133 training [time: 68.03s, train loss: 1182500.0018]
Tue 16 May 2023 19:35:24 INFO  epoch 134 training [time: 67.95s, train loss: 1182012.7169]
Tue 16 May 2023 19:36:32 INFO  epoch 135 training [time: 68.16s, train loss: 1173483.6027]
Tue 16 May 2023 19:37:40 INFO  epoch 136 training [time: 67.87s, train loss: 1182605.0562]
Tue 16 May 2023 19:38:48 INFO  epoch 137 training [time: 68.06s, train loss: 1175030.9685]
Tue 16 May 2023 19:39:56 INFO  epoch 138 training [time: 67.87s, train loss: 1164566.4945]
Tue 16 May 2023 19:41:04 INFO  epoch 139 training [time: 68.06s, train loss: 1166385.3481]
Tue 16 May 2023 19:41:04 INFO  Saving current: saved\S3Rec-Amazon_Toys_and_Games-140.pth
Tue 16 May 2023 19:42:12 INFO  epoch 140 training [time: 67.72s, train loss: 1170403.1415]
Tue 16 May 2023 19:43:19 INFO  epoch 141 training [time: 67.72s, train loss: 1162756.3126]
Tue 16 May 2023 19:44:27 INFO  epoch 142 training [time: 67.75s, train loss: 1158474.4966]
Tue 16 May 2023 19:45:35 INFO  epoch 143 training [time: 67.58s, train loss: 1163370.8231]
Tue 16 May 2023 19:46:43 INFO  epoch 144 training [time: 67.73s, train loss: 1161204.2262]
Tue 16 May 2023 19:47:50 INFO  epoch 145 training [time: 67.70s, train loss: 1154661.1882]
Tue 16 May 2023 19:48:58 INFO  epoch 146 training [time: 67.77s, train loss: 1157855.7854]
Tue 16 May 2023 19:50:06 INFO  epoch 147 training [time: 67.79s, train loss: 1151110.1799]
Tue 16 May 2023 19:51:14 INFO  epoch 148 training [time: 67.82s, train loss: 1152418.2639]
Tue 16 May 2023 19:52:22 INFO  epoch 149 training [time: 68.01s, train loss: 1153073.4854]
Tue 16 May 2023 19:52:22 INFO  Saving current: saved\S3Rec-Amazon_Toys_and_Games-150.pth
Tue 16 May 2023 19:53:29 INFO  epoch 150 training [time: 67.21s, train loss: 1148435.1215]
Tue 16 May 2023 19:54:36 INFO  epoch 151 training [time: 67.34s, train loss: 1141260.3730]
Tue 16 May 2023 19:55:43 INFO  epoch 152 training [time: 67.24s, train loss: 1149844.9324]
Tue 16 May 2023 19:56:51 INFO  epoch 153 training [time: 67.43s, train loss: 1145500.7125]
Tue 16 May 2023 19:57:58 INFO  epoch 154 training [time: 67.29s, train loss: 1150076.5356]
Tue 16 May 2023 19:59:06 INFO  epoch 155 training [time: 67.33s, train loss: 1137804.0160]
Tue 16 May 2023 20:00:13 INFO  epoch 156 training [time: 67.56s, train loss: 1143522.9789]
Tue 16 May 2023 20:01:21 INFO  epoch 157 training [time: 67.65s, train loss: 1138247.2661]
Tue 16 May 2023 20:02:29 INFO  epoch 158 training [time: 67.78s, train loss: 1137777.7474]
Tue 16 May 2023 20:03:36 INFO  epoch 159 training [time: 67.78s, train loss: 1138760.5781]
Tue 16 May 2023 20:03:36 INFO  Saving current: saved\S3Rec-Amazon_Toys_and_Games-160.pth
Tue 16 May 2023 20:04:44 INFO  epoch 160 training [time: 68.02s, train loss: 1130101.5586]
Tue 16 May 2023 20:05:52 INFO  epoch 161 training [time: 67.75s, train loss: 1142502.4033]
Tue 16 May 2023 20:07:00 INFO  epoch 162 training [time: 67.98s, train loss: 1132728.9529]
Tue 16 May 2023 20:08:08 INFO  epoch 163 training [time: 67.93s, train loss: 1133363.6355]
Tue 16 May 2023 20:09:16 INFO  epoch 164 training [time: 67.92s, train loss: 1128228.9025]
Tue 16 May 2023 20:10:24 INFO  epoch 165 training [time: 68.07s, train loss: 1124587.2712]
Tue 16 May 2023 20:11:32 INFO  epoch 166 training [time: 67.77s, train loss: 1126159.3483]
Tue 16 May 2023 20:12:40 INFO  epoch 167 training [time: 68.10s, train loss: 1126066.9211]
Tue 16 May 2023 20:13:48 INFO  epoch 168 training [time: 67.80s, train loss: 1125699.0621]
Tue 16 May 2023 20:14:56 INFO  epoch 169 training [time: 67.92s, train loss: 1127995.9199]
Tue 16 May 2023 20:14:56 INFO  Saving current: saved\S3Rec-Amazon_Toys_and_Games-170.pth
Tue 16 May 2023 20:16:03 INFO  epoch 170 training [time: 67.77s, train loss: 1119795.7229]
Tue 16 May 2023 20:17:11 INFO  epoch 171 training [time: 67.92s, train loss: 1120301.8748]
Tue 16 May 2023 20:18:19 INFO  epoch 172 training [time: 68.04s, train loss: 1115655.6613]
Tue 16 May 2023 20:19:27 INFO  epoch 173 training [time: 67.82s, train loss: 1111997.9823]
Tue 16 May 2023 20:20:35 INFO  epoch 174 training [time: 67.77s, train loss: 1113167.0741]
Tue 16 May 2023 20:21:43 INFO  epoch 175 training [time: 67.71s, train loss: 1114624.5957]
Tue 16 May 2023 20:22:50 INFO  epoch 176 training [time: 67.79s, train loss: 1113568.4834]
Tue 16 May 2023 20:24:02 INFO  epoch 177 training [time: 71.49s, train loss: 1105069.0479]
Tue 16 May 2023 20:25:13 INFO  epoch 178 training [time: 70.72s, train loss: 1110928.5172]
Tue 16 May 2023 20:26:22 INFO  epoch 179 training [time: 68.99s, train loss: 1109433.2782]
Tue 16 May 2023 20:26:22 INFO  Saving current: saved\S3Rec-Amazon_Toys_and_Games-180.pth
Tue 16 May 2023 20:27:33 INFO  epoch 180 training [time: 71.18s, train loss: 1103236.5688]
Tue 16 May 2023 20:28:46 INFO  epoch 181 training [time: 73.13s, train loss: 1101987.3308]
Tue 16 May 2023 20:29:55 INFO  epoch 182 training [time: 69.22s, train loss: 1105281.2051]
Tue 16 May 2023 20:31:04 INFO  epoch 183 training [time: 68.84s, train loss: 1108860.2599]
Tue 16 May 2023 20:32:12 INFO  epoch 184 training [time: 68.40s, train loss: 1106852.2147]
Tue 16 May 2023 20:33:20 INFO  epoch 185 training [time: 67.68s, train loss: 1094790.1797]
Tue 16 May 2023 20:34:28 INFO  epoch 186 training [time: 67.96s, train loss: 1099720.4019]
Tue 16 May 2023 20:35:36 INFO  epoch 187 training [time: 67.76s, train loss: 1106718.0526]
Tue 16 May 2023 20:36:44 INFO  epoch 188 training [time: 67.98s, train loss: 1098371.9247]
Tue 16 May 2023 20:37:51 INFO  epoch 189 training [time: 67.47s, train loss: 1097024.8607]
Tue 16 May 2023 20:37:51 INFO  Saving current: saved\S3Rec-Amazon_Toys_and_Games-190.pth
Tue 16 May 2023 20:38:59 INFO  epoch 190 training [time: 68.04s, train loss: 1098315.8276]
Tue 16 May 2023 20:40:07 INFO  epoch 191 training [time: 67.36s, train loss: 1090997.9635]
Tue 16 May 2023 20:41:16 INFO  epoch 192 training [time: 69.69s, train loss: 1097458.5598]
Tue 16 May 2023 20:42:26 INFO  epoch 193 training [time: 69.22s, train loss: 1093705.9612]
Tue 16 May 2023 20:43:33 INFO  epoch 194 training [time: 67.49s, train loss: 1094993.4410]
Tue 16 May 2023 20:44:41 INFO  epoch 195 training [time: 67.85s, train loss: 1093413.4913]
Tue 16 May 2023 20:45:49 INFO  epoch 196 training [time: 67.63s, train loss: 1090084.7399]
Tue 16 May 2023 20:47:00 INFO  epoch 197 training [time: 70.89s, train loss: 1084133.6193]
Tue 16 May 2023 20:48:08 INFO  epoch 198 training [time: 68.12s, train loss: 1086918.4966]
Tue 16 May 2023 20:49:16 INFO  epoch 199 training [time: 68.15s, train loss: 1080775.4019]
Tue 16 May 2023 20:49:16 INFO  Saving current: saved\S3Rec-Amazon_Toys_and_Games-200.pth
Tue 16 May 2023 20:50:24 INFO  epoch 200 training [time: 68.17s, train loss: 1090779.1053]
Tue 16 May 2023 20:51:32 INFO  epoch 201 training [time: 67.81s, train loss: 1075181.0601]
Tue 16 May 2023 20:52:40 INFO  epoch 202 training [time: 68.32s, train loss: 1082858.0562]
Tue 16 May 2023 20:53:48 INFO  epoch 203 training [time: 68.13s, train loss: 1091245.2250]
Tue 16 May 2023 20:54:58 INFO  epoch 204 training [time: 70.16s, train loss: 1084410.9202]
Tue 16 May 2023 20:56:06 INFO  epoch 205 training [time: 67.92s, train loss: 1081409.4841]
Tue 16 May 2023 20:57:16 INFO  epoch 206 training [time: 70.06s, train loss: 1087278.6672]
Tue 16 May 2023 20:58:26 INFO  epoch 207 training [time: 69.15s, train loss: 1079532.0864]
Tue 16 May 2023 20:59:34 INFO  epoch 208 training [time: 68.37s, train loss: 1075405.9235]
Tue 16 May 2023 21:00:43 INFO  epoch 209 training [time: 68.94s, train loss: 1077358.2047]
Tue 16 May 2023 21:00:43 INFO  Saving current: saved\S3Rec-Amazon_Toys_and_Games-210.pth
Tue 16 May 2023 21:01:52 INFO  epoch 210 training [time: 69.03s, train loss: 1071741.8373]
Tue 16 May 2023 21:03:01 INFO  epoch 211 training [time: 68.58s, train loss: 1081390.3518]
Tue 16 May 2023 21:04:09 INFO  epoch 212 training [time: 68.61s, train loss: 1068035.7771]
Tue 16 May 2023 21:05:18 INFO  epoch 213 training [time: 68.63s, train loss: 1077614.4048]
Tue 16 May 2023 21:06:27 INFO  epoch 214 training [time: 68.68s, train loss: 1072578.0151]
Tue 16 May 2023 21:07:35 INFO  epoch 215 training [time: 68.24s, train loss: 1077231.6934]
Tue 16 May 2023 21:08:43 INFO  epoch 216 training [time: 68.27s, train loss: 1072017.7719]
Tue 16 May 2023 21:09:51 INFO  epoch 217 training [time: 68.04s, train loss: 1075082.6700]
Tue 16 May 2023 21:10:59 INFO  epoch 218 training [time: 68.27s, train loss: 1071098.3066]
Tue 16 May 2023 21:12:08 INFO  epoch 219 training [time: 68.71s, train loss: 1075288.0884]
Tue 16 May 2023 21:12:08 INFO  Saving current: saved\S3Rec-Amazon_Toys_and_Games-220.pth
Tue 16 May 2023 21:13:17 INFO  epoch 220 training [time: 68.69s, train loss: 1062615.2870]
Tue 16 May 2023 21:14:26 INFO  epoch 221 training [time: 68.92s, train loss: 1064665.6227]
Tue 16 May 2023 21:15:34 INFO  epoch 222 training [time: 68.54s, train loss: 1060956.7588]
Tue 16 May 2023 21:16:43 INFO  epoch 223 training [time: 68.83s, train loss: 1062661.8645]
Tue 16 May 2023 21:17:52 INFO  epoch 224 training [time: 68.43s, train loss: 1061487.5305]
Tue 16 May 2023 21:19:00 INFO  epoch 225 training [time: 68.83s, train loss: 1056102.3590]
Tue 16 May 2023 21:20:09 INFO  epoch 226 training [time: 68.81s, train loss: 1065598.1627]
Tue 16 May 2023 21:21:18 INFO  epoch 227 training [time: 68.75s, train loss: 1069977.9045]
Tue 16 May 2023 21:22:27 INFO  epoch 228 training [time: 68.71s, train loss: 1057531.9880]
Tue 16 May 2023 21:23:35 INFO  epoch 229 training [time: 68.60s, train loss: 1063002.4259]
Tue 16 May 2023 21:23:35 INFO  Saving current: saved\S3Rec-Amazon_Toys_and_Games-230.pth
Tue 16 May 2023 21:24:44 INFO  epoch 230 training [time: 68.79s, train loss: 1062983.5696]
Tue 16 May 2023 21:25:53 INFO  epoch 231 training [time: 68.59s, train loss: 1053823.7520]
Tue 16 May 2023 21:27:02 INFO  epoch 232 training [time: 68.89s, train loss: 1059324.5264]
Tue 16 May 2023 21:28:10 INFO  epoch 233 training [time: 68.74s, train loss: 1054771.1934]
Tue 16 May 2023 21:29:19 INFO  epoch 234 training [time: 68.73s, train loss: 1061555.2753]
Tue 16 May 2023 21:30:28 INFO  epoch 235 training [time: 68.80s, train loss: 1059547.6300]
Tue 16 May 2023 21:31:36 INFO  epoch 236 training [time: 68.43s, train loss: 1052728.8627]
Tue 16 May 2023 21:32:45 INFO  epoch 237 training [time: 68.59s, train loss: 1052806.6508]
Tue 16 May 2023 21:33:53 INFO  epoch 238 training [time: 68.43s, train loss: 1047081.9816]
Tue 16 May 2023 21:35:02 INFO  epoch 239 training [time: 68.74s, train loss: 1048473.5497]
Tue 16 May 2023 21:35:02 INFO  Saving current: saved\S3Rec-Amazon_Toys_and_Games-240.pth
Tue 16 May 2023 21:36:11 INFO  epoch 240 training [time: 68.53s, train loss: 1049620.7151]
Tue 16 May 2023 21:37:19 INFO  epoch 241 training [time: 68.55s, train loss: 1042847.9352]
Tue 16 May 2023 21:38:32 INFO  epoch 242 training [time: 73.22s, train loss: 1049625.1505]
Tue 16 May 2023 21:39:47 INFO  epoch 243 training [time: 74.76s, train loss: 1038558.6860]
Tue 16 May 2023 21:41:01 INFO  epoch 244 training [time: 74.12s, train loss: 1048719.9714]
Tue 16 May 2023 21:42:14 INFO  epoch 245 training [time: 72.64s, train loss: 1039608.0519]
Tue 16 May 2023 21:43:25 INFO  epoch 246 training [time: 70.90s, train loss: 1044744.6554]
Tue 16 May 2023 21:44:35 INFO  epoch 247 training [time: 70.68s, train loss: 1034204.4149]
Tue 16 May 2023 21:45:44 INFO  epoch 248 training [time: 68.76s, train loss: 1047188.2938]
Tue 16 May 2023 21:46:53 INFO  epoch 249 training [time: 68.93s, train loss: 1044337.7186]
Tue 16 May 2023 21:46:53 INFO  Saving current: saved\S3Rec-Amazon_Toys_and_Games-250.pth
Tue 16 May 2023 21:48:02 INFO  epoch 250 training [time: 68.54s, train loss: 1037750.7233]
Tue 16 May 2023 21:49:10 INFO  epoch 251 training [time: 68.69s, train loss: 1044190.2533]
Tue 16 May 2023 21:50:19 INFO  epoch 252 training [time: 68.61s, train loss: 1040453.1371]
Tue 16 May 2023 21:51:28 INFO  epoch 253 training [time: 68.53s, train loss: 1034865.0845]
Tue 16 May 2023 21:52:37 INFO  epoch 254 training [time: 69.03s, train loss: 1038390.2159]
Tue 16 May 2023 21:53:45 INFO  epoch 255 training [time: 68.86s, train loss: 1036948.5327]
Tue 16 May 2023 21:54:55 INFO  epoch 256 training [time: 70.02s, train loss: 1036147.7590]
Tue 16 May 2023 21:56:05 INFO  epoch 257 training [time: 69.57s, train loss: 1030961.9875]
Tue 16 May 2023 21:57:14 INFO  epoch 258 training [time: 68.64s, train loss: 1041075.1793]
Tue 16 May 2023 21:58:23 INFO  epoch 259 training [time: 68.91s, train loss: 1027780.3986]
Tue 16 May 2023 21:58:23 INFO  Saving current: saved\S3Rec-Amazon_Toys_and_Games-260.pth
Tue 16 May 2023 21:59:37 INFO  epoch 260 training [time: 74.74s, train loss: 1032559.0923]
Tue 16 May 2023 22:00:47 INFO  epoch 261 training [time: 69.78s, train loss: 1042087.4240]
Tue 16 May 2023 22:01:56 INFO  epoch 262 training [time: 68.71s, train loss: 1036129.4556]
Tue 16 May 2023 22:03:05 INFO  epoch 263 training [time: 68.89s, train loss: 1020115.0520]
Tue 16 May 2023 22:04:13 INFO  epoch 264 training [time: 68.65s, train loss: 1035307.7108]
Tue 16 May 2023 22:05:22 INFO  epoch 265 training [time: 69.05s, train loss: 1026527.8901]
Tue 16 May 2023 22:06:32 INFO  epoch 266 training [time: 69.09s, train loss: 1026695.8938]
Tue 16 May 2023 22:07:41 INFO  epoch 267 training [time: 69.09s, train loss: 1022696.4841]
Tue 16 May 2023 22:08:50 INFO  epoch 268 training [time: 69.12s, train loss: 1029261.8174]
Tue 16 May 2023 22:09:59 INFO  epoch 269 training [time: 69.02s, train loss: 1028079.2743]
Tue 16 May 2023 22:09:59 INFO  Saving current: saved\S3Rec-Amazon_Toys_and_Games-270.pth
Tue 16 May 2023 22:11:08 INFO  epoch 270 training [time: 69.21s, train loss: 1025264.9836]
Tue 16 May 2023 22:12:17 INFO  epoch 271 training [time: 68.76s, train loss: 1025415.6788]
Tue 16 May 2023 22:13:26 INFO  epoch 272 training [time: 68.70s, train loss: 1027179.5470]
Tue 16 May 2023 22:14:34 INFO  epoch 273 training [time: 68.77s, train loss: 1036818.2357]
Tue 16 May 2023 22:15:43 INFO  epoch 274 training [time: 68.68s, train loss: 1029140.2361]
Tue 16 May 2023 22:16:52 INFO  epoch 275 training [time: 68.91s, train loss: 1009270.0402]
Tue 16 May 2023 22:18:01 INFO  epoch 276 training [time: 68.93s, train loss: 1017471.7311]
Tue 16 May 2023 22:19:09 INFO  epoch 277 training [time: 68.60s, train loss: 1018232.8505]
Tue 16 May 2023 22:20:18 INFO  epoch 278 training [time: 68.31s, train loss: 1019336.0675]
Tue 16 May 2023 22:21:26 INFO  epoch 279 training [time: 68.46s, train loss: 1023900.8440]
Tue 16 May 2023 22:21:26 INFO  Saving current: saved\S3Rec-Amazon_Toys_and_Games-280.pth
Tue 16 May 2023 22:22:35 INFO  epoch 280 training [time: 68.63s, train loss: 1024324.1852]
Tue 16 May 2023 22:23:43 INFO  epoch 281 training [time: 68.36s, train loss: 1014966.7667]
Tue 16 May 2023 22:24:52 INFO  epoch 282 training [time: 68.55s, train loss: 1020224.9308]
Tue 16 May 2023 22:26:00 INFO  epoch 283 training [time: 68.40s, train loss: 1020589.6332]
Tue 16 May 2023 22:27:09 INFO  epoch 284 training [time: 68.56s, train loss: 1013703.1277]
Tue 16 May 2023 22:28:17 INFO  epoch 285 training [time: 68.45s, train loss: 1022416.4470]
Tue 16 May 2023 22:29:25 INFO  epoch 286 training [time: 67.93s, train loss: 1010299.0917]
Tue 16 May 2023 22:30:34 INFO  epoch 287 training [time: 68.40s, train loss: 1015165.7439]
Tue 16 May 2023 22:31:42 INFO  epoch 288 training [time: 68.43s, train loss: 1017392.6885]
Tue 16 May 2023 22:32:51 INFO  epoch 289 training [time: 68.53s, train loss: 1009809.1150]
Tue 16 May 2023 22:32:51 INFO  Saving current: saved\S3Rec-Amazon_Toys_and_Games-290.pth
Tue 16 May 2023 22:33:59 INFO  epoch 290 training [time: 68.47s, train loss: 1005288.4713]
Tue 16 May 2023 22:35:08 INFO  epoch 291 training [time: 68.65s, train loss: 1007947.4878]
Tue 16 May 2023 22:36:16 INFO  epoch 292 training [time: 68.68s, train loss: 1015756.9398]
Tue 16 May 2023 22:37:25 INFO  epoch 293 training [time: 68.39s, train loss: 1011769.1317]
Tue 16 May 2023 22:38:33 INFO  epoch 294 training [time: 68.66s, train loss: 1002511.8395]
Tue 16 May 2023 22:39:42 INFO  epoch 295 training [time: 68.47s, train loss: 1016407.7158]
Tue 16 May 2023 22:40:51 INFO  epoch 296 training [time: 68.67s, train loss: 1006313.9324]
Tue 16 May 2023 22:41:59 INFO  epoch 297 training [time: 68.63s, train loss: 1015856.7151]
Tue 16 May 2023 22:43:08 INFO  epoch 298 training [time: 68.40s, train loss: 1008717.2095]
Tue 16 May 2023 22:44:16 INFO  epoch 299 training [time: 68.59s, train loss: 1007559.7251]
Tue 16 May 2023 22:44:16 INFO  Saving current: saved\S3Rec-Amazon_Toys_and_Games-300.pth
Tue 16 May 2023 22:45:25 INFO  epoch 300 training [time: 68.39s, train loss: 1011679.5664]
Tue 16 May 2023 22:46:33 INFO  epoch 301 training [time: 68.42s, train loss: 1006130.1599]
Tue 16 May 2023 22:47:42 INFO  epoch 302 training [time: 68.51s, train loss: 1009651.6635]
Tue 16 May 2023 22:48:50 INFO  epoch 303 training [time: 68.44s, train loss: 1006084.5820]
Tue 16 May 2023 22:49:59 INFO  epoch 304 training [time: 68.51s, train loss: 1000915.5392]
Tue 16 May 2023 22:51:07 INFO  epoch 305 training [time: 68.46s, train loss: 1004426.5667]
Tue 16 May 2023 22:52:15 INFO  epoch 306 training [time: 68.48s, train loss: 1006684.3436]
Tue 16 May 2023 22:53:24 INFO  epoch 307 training [time: 68.30s, train loss: 1003167.9307]
Tue 16 May 2023 22:54:32 INFO  epoch 308 training [time: 68.54s, train loss: 1007869.5596]
Tue 16 May 2023 22:55:41 INFO  epoch 309 training [time: 68.39s, train loss: 995736.1488]
Tue 16 May 2023 22:55:41 INFO  Saving current: saved\S3Rec-Amazon_Toys_and_Games-310.pth
Tue 16 May 2023 22:56:49 INFO  epoch 310 training [time: 68.63s, train loss: 1005581.1074]
Tue 16 May 2023 22:57:58 INFO  epoch 311 training [time: 68.57s, train loss: 996556.0708]
Tue 16 May 2023 22:59:07 INFO  epoch 312 training [time: 68.61s, train loss: 997546.6036]
Tue 16 May 2023 23:00:15 INFO  epoch 313 training [time: 68.19s, train loss: 1010838.2523]
Tue 16 May 2023 23:01:23 INFO  epoch 314 training [time: 67.79s, train loss: 998259.2349]
Tue 16 May 2023 23:02:31 INFO  epoch 315 training [time: 67.98s, train loss: 993676.3646]
Tue 16 May 2023 23:03:39 INFO  epoch 316 training [time: 68.55s, train loss: 1005728.3840]
Tue 16 May 2023 23:04:48 INFO  epoch 317 training [time: 68.47s, train loss: 997161.7214]
Tue 16 May 2023 23:05:56 INFO  epoch 318 training [time: 68.35s, train loss: 1002127.3969]
Tue 16 May 2023 23:07:04 INFO  epoch 319 training [time: 68.47s, train loss: 1003248.3406]
Tue 16 May 2023 23:07:04 INFO  Saving current: saved\S3Rec-Amazon_Toys_and_Games-320.pth
Tue 16 May 2023 23:08:13 INFO  epoch 320 training [time: 68.38s, train loss: 993665.2618]
Tue 16 May 2023 23:09:21 INFO  epoch 321 training [time: 68.47s, train loss: 992702.4039]
Tue 16 May 2023 23:10:30 INFO  epoch 322 training [time: 68.49s, train loss: 991674.9235]
Tue 16 May 2023 23:11:38 INFO  epoch 323 training [time: 68.45s, train loss: 987662.9410]
Tue 16 May 2023 23:12:47 INFO  epoch 324 training [time: 68.33s, train loss: 1000195.9459]
Tue 16 May 2023 23:13:55 INFO  epoch 325 training [time: 68.18s, train loss: 999111.3625]
Tue 16 May 2023 23:15:03 INFO  epoch 326 training [time: 68.42s, train loss: 990879.8044]
Tue 16 May 2023 23:16:12 INFO  epoch 327 training [time: 68.44s, train loss: 995235.3864]
Tue 16 May 2023 23:17:20 INFO  epoch 328 training [time: 68.54s, train loss: 993046.3870]
Tue 16 May 2023 23:18:29 INFO  epoch 329 training [time: 68.56s, train loss: 994328.4442]
Tue 16 May 2023 23:18:29 INFO  Saving current: saved\S3Rec-Amazon_Toys_and_Games-330.pth
Tue 16 May 2023 23:19:37 INFO  epoch 330 training [time: 68.59s, train loss: 995676.2450]
Tue 16 May 2023 23:20:46 INFO  epoch 331 training [time: 68.31s, train loss: 997113.9357]
Tue 16 May 2023 23:21:54 INFO  epoch 332 training [time: 68.32s, train loss: 994482.9520]
Tue 16 May 2023 23:23:02 INFO  epoch 333 training [time: 68.31s, train loss: 989718.9805]
Tue 16 May 2023 23:24:11 INFO  epoch 334 training [time: 68.37s, train loss: 989462.4550]
Tue 16 May 2023 23:25:19 INFO  epoch 335 training [time: 68.35s, train loss: 977634.7439]
Tue 16 May 2023 23:26:28 INFO  epoch 336 training [time: 68.51s, train loss: 983964.0671]
Tue 16 May 2023 23:27:36 INFO  epoch 337 training [time: 68.16s, train loss: 986380.9760]
Tue 16 May 2023 23:28:44 INFO  epoch 338 training [time: 68.28s, train loss: 985298.7106]
Tue 16 May 2023 23:29:52 INFO  epoch 339 training [time: 68.36s, train loss: 990602.0586]
Tue 16 May 2023 23:29:52 INFO  Saving current: saved\S3Rec-Amazon_Toys_and_Games-340.pth
Tue 16 May 2023 23:31:01 INFO  epoch 340 training [time: 68.43s, train loss: 986517.0874]
Tue 16 May 2023 23:32:09 INFO  epoch 341 training [time: 68.53s, train loss: 985665.8019]
Tue 16 May 2023 23:33:18 INFO  epoch 342 training [time: 68.50s, train loss: 983333.3948]
Tue 16 May 2023 23:34:26 INFO  epoch 343 training [time: 68.47s, train loss: 981356.9835]
Tue 16 May 2023 23:35:35 INFO  epoch 344 training [time: 68.46s, train loss: 989322.9398]
Tue 16 May 2023 23:36:43 INFO  epoch 345 training [time: 68.51s, train loss: 981051.3990]
Tue 16 May 2023 23:37:52 INFO  epoch 346 training [time: 68.38s, train loss: 981726.4531]
Tue 16 May 2023 23:39:00 INFO  epoch 347 training [time: 68.56s, train loss: 977023.9742]
Tue 16 May 2023 23:40:09 INFO  epoch 348 training [time: 68.46s, train loss: 980266.7130]
Tue 16 May 2023 23:41:17 INFO  epoch 349 training [time: 68.57s, train loss: 983699.1248]
Tue 16 May 2023 23:41:17 INFO  Saving current: saved\S3Rec-Amazon_Toys_and_Games-350.pth
Tue 16 May 2023 23:42:26 INFO  epoch 350 training [time: 68.25s, train loss: 979057.9608]
Tue 16 May 2023 23:43:34 INFO  epoch 351 training [time: 68.35s, train loss: 989668.5693]
Tue 16 May 2023 23:44:42 INFO  epoch 352 training [time: 68.39s, train loss: 980713.3932]
Tue 16 May 2023 23:45:51 INFO  epoch 353 training [time: 68.22s, train loss: 975641.6368]
Tue 16 May 2023 23:46:59 INFO  epoch 354 training [time: 68.42s, train loss: 975268.6128]
Tue 16 May 2023 23:48:07 INFO  epoch 355 training [time: 68.50s, train loss: 982284.9839]
Tue 16 May 2023 23:49:16 INFO  epoch 356 training [time: 68.25s, train loss: 967761.5795]
Tue 16 May 2023 23:50:24 INFO  epoch 357 training [time: 68.46s, train loss: 972919.2289]
Tue 16 May 2023 23:51:32 INFO  epoch 358 training [time: 68.33s, train loss: 979707.6873]
Tue 16 May 2023 23:52:41 INFO  epoch 359 training [time: 68.49s, train loss: 973082.1633]
Tue 16 May 2023 23:52:41 INFO  Saving current: saved\S3Rec-Amazon_Toys_and_Games-360.pth
Tue 16 May 2023 23:53:49 INFO  epoch 360 training [time: 68.38s, train loss: 973163.1543]
Tue 16 May 2023 23:54:58 INFO  epoch 361 training [time: 68.42s, train loss: 984444.9279]
Tue 16 May 2023 23:56:06 INFO  epoch 362 training [time: 68.30s, train loss: 973639.6534]
Tue 16 May 2023 23:57:15 INFO  epoch 363 training [time: 68.65s, train loss: 972371.9878]
Tue 16 May 2023 23:58:23 INFO  epoch 364 training [time: 68.40s, train loss: 975874.7693]
Tue 16 May 2023 23:59:32 INFO  epoch 365 training [time: 68.38s, train loss: 979314.6532]
Wed 17 May 2023 00:00:40 INFO  epoch 366 training [time: 68.55s, train loss: 973579.4917]
Wed 17 May 2023 00:01:48 INFO  epoch 367 training [time: 68.34s, train loss: 978099.3733]
Wed 17 May 2023 00:02:57 INFO  epoch 368 training [time: 68.35s, train loss: 974135.6750]
Wed 17 May 2023 00:04:05 INFO  epoch 369 training [time: 68.41s, train loss: 976674.0742]
Wed 17 May 2023 00:04:05 INFO  Saving current: saved\S3Rec-Amazon_Toys_and_Games-370.pth
Wed 17 May 2023 00:05:14 INFO  epoch 370 training [time: 68.62s, train loss: 974112.8689]
Wed 17 May 2023 00:06:22 INFO  epoch 371 training [time: 68.55s, train loss: 975157.6257]
Wed 17 May 2023 00:07:31 INFO  epoch 372 training [time: 68.66s, train loss: 975578.0934]
Wed 17 May 2023 00:08:40 INFO  epoch 373 training [time: 68.61s, train loss: 970000.0006]
Wed 17 May 2023 00:09:48 INFO  epoch 374 training [time: 68.55s, train loss: 968792.7308]
Wed 17 May 2023 00:10:57 INFO  epoch 375 training [time: 68.52s, train loss: 973042.7444]
Wed 17 May 2023 00:12:05 INFO  epoch 376 training [time: 68.56s, train loss: 972180.2725]
Wed 17 May 2023 00:13:14 INFO  epoch 377 training [time: 68.52s, train loss: 959207.1481]
Wed 17 May 2023 00:14:22 INFO  epoch 378 training [time: 68.60s, train loss: 972890.0378]
Wed 17 May 2023 00:15:31 INFO  epoch 379 training [time: 68.36s, train loss: 969740.7424]
Wed 17 May 2023 00:15:31 INFO  Saving current: saved\S3Rec-Amazon_Toys_and_Games-380.pth
Wed 17 May 2023 00:16:39 INFO  epoch 380 training [time: 68.45s, train loss: 973594.7018]
Wed 17 May 2023 00:17:48 INFO  epoch 381 training [time: 68.52s, train loss: 964253.4165]
Wed 17 May 2023 00:18:56 INFO  epoch 382 training [time: 68.49s, train loss: 970996.8132]
Wed 17 May 2023 00:20:05 INFO  epoch 383 training [time: 68.58s, train loss: 968051.9871]
Wed 17 May 2023 00:21:13 INFO  epoch 384 training [time: 68.05s, train loss: 962672.1658]
Wed 17 May 2023 00:22:21 INFO  epoch 385 training [time: 68.43s, train loss: 968804.9581]
Wed 17 May 2023 00:23:30 INFO  epoch 386 training [time: 68.41s, train loss: 958439.5558]
Wed 17 May 2023 00:24:38 INFO  epoch 387 training [time: 68.58s, train loss: 964504.7286]
Wed 17 May 2023 00:25:47 INFO  epoch 388 training [time: 68.35s, train loss: 967548.9312]
Wed 17 May 2023 00:26:55 INFO  epoch 389 training [time: 68.54s, train loss: 965709.7023]
Wed 17 May 2023 00:26:55 INFO  Saving current: saved\S3Rec-Amazon_Toys_and_Games-390.pth
Wed 17 May 2023 00:28:04 INFO  epoch 390 training [time: 68.41s, train loss: 962489.0845]
Wed 17 May 2023 00:29:12 INFO  epoch 391 training [time: 68.46s, train loss: 967183.2295]
Wed 17 May 2023 00:30:21 INFO  epoch 392 training [time: 68.59s, train loss: 957821.3809]
Wed 17 May 2023 00:31:29 INFO  epoch 393 training [time: 68.28s, train loss: 960825.9365]
Wed 17 May 2023 00:32:38 INFO  epoch 394 training [time: 68.52s, train loss: 962710.9607]
Wed 17 May 2023 00:33:46 INFO  epoch 395 training [time: 68.29s, train loss: 961080.8379]
Wed 17 May 2023 00:34:54 INFO  epoch 396 training [time: 68.52s, train loss: 961674.4365]
Wed 17 May 2023 00:36:03 INFO  epoch 397 training [time: 68.37s, train loss: 958610.0002]
Wed 17 May 2023 00:37:11 INFO  epoch 398 training [time: 68.41s, train loss: 961101.0869]
Wed 17 May 2023 00:38:19 INFO  epoch 399 training [time: 68.22s, train loss: 957061.9167]
Wed 17 May 2023 00:38:19 INFO  Saving current: saved\S3Rec-Amazon_Toys_and_Games-400.pth
Wed 17 May 2023 00:39:28 INFO  epoch 400 training [time: 68.61s, train loss: 956634.1776]
Wed 17 May 2023 00:40:37 INFO  epoch 401 training [time: 68.54s, train loss: 958378.7500]
Wed 17 May 2023 00:41:45 INFO  epoch 402 training [time: 68.53s, train loss: 951823.7312]
Wed 17 May 2023 00:42:54 INFO  epoch 403 training [time: 68.56s, train loss: 963719.7578]
Wed 17 May 2023 00:44:02 INFO  epoch 404 training [time: 68.51s, train loss: 959171.8185]
Wed 17 May 2023 00:45:11 INFO  epoch 405 training [time: 68.69s, train loss: 960926.1333]
Wed 17 May 2023 00:46:20 INFO  epoch 406 training [time: 68.66s, train loss: 955545.7415]
Wed 17 May 2023 00:47:28 INFO  epoch 407 training [time: 68.54s, train loss: 949693.9944]
Wed 17 May 2023 00:48:37 INFO  epoch 408 training [time: 68.60s, train loss: 954558.6176]
Wed 17 May 2023 00:49:45 INFO  epoch 409 training [time: 68.64s, train loss: 964816.9717]
Wed 17 May 2023 00:49:45 INFO  Saving current: saved\S3Rec-Amazon_Toys_and_Games-410.pth
Wed 17 May 2023 00:50:54 INFO  epoch 410 training [time: 68.68s, train loss: 950893.3362]
Wed 17 May 2023 00:52:03 INFO  epoch 411 training [time: 68.53s, train loss: 950552.4788]
Wed 17 May 2023 00:53:11 INFO  epoch 412 training [time: 68.67s, train loss: 960747.5054]
Wed 17 May 2023 00:54:20 INFO  epoch 413 training [time: 68.69s, train loss: 954256.7128]
Wed 17 May 2023 00:55:28 INFO  epoch 414 training [time: 68.38s, train loss: 957942.9541]
Wed 17 May 2023 00:56:37 INFO  epoch 415 training [time: 68.48s, train loss: 957374.6908]
Wed 17 May 2023 00:57:45 INFO  epoch 416 training [time: 68.20s, train loss: 947322.0443]
Wed 17 May 2023 00:58:53 INFO  epoch 417 training [time: 68.47s, train loss: 958154.8521]
Wed 17 May 2023 01:00:02 INFO  epoch 418 training [time: 68.36s, train loss: 954002.8774]
Wed 17 May 2023 01:01:10 INFO  epoch 419 training [time: 68.56s, train loss: 961111.1919]
Wed 17 May 2023 01:01:10 INFO  Saving current: saved\S3Rec-Amazon_Toys_and_Games-420.pth
Wed 17 May 2023 01:02:19 INFO  epoch 420 training [time: 68.48s, train loss: 949334.7385]
Wed 17 May 2023 01:03:28 INFO  epoch 421 training [time: 68.55s, train loss: 957014.1857]
Wed 17 May 2023 01:04:36 INFO  epoch 422 training [time: 68.42s, train loss: 959203.3174]
Wed 17 May 2023 01:05:44 INFO  epoch 423 training [time: 68.55s, train loss: 943535.9298]
Wed 17 May 2023 01:06:53 INFO  epoch 424 training [time: 68.66s, train loss: 945559.8453]
Wed 17 May 2023 01:08:02 INFO  epoch 425 training [time: 68.36s, train loss: 949859.7883]
Wed 17 May 2023 01:09:10 INFO  epoch 426 training [time: 68.48s, train loss: 951933.3146]
Wed 17 May 2023 01:10:19 INFO  epoch 427 training [time: 68.67s, train loss: 951953.7443]
Wed 17 May 2023 01:11:27 INFO  epoch 428 training [time: 68.45s, train loss: 952909.2010]
Wed 17 May 2023 01:12:36 INFO  epoch 429 training [time: 68.58s, train loss: 957929.3350]
Wed 17 May 2023 01:12:36 INFO  Saving current: saved\S3Rec-Amazon_Toys_and_Games-430.pth
Wed 17 May 2023 01:13:44 INFO  epoch 430 training [time: 68.59s, train loss: 959499.5436]
Wed 17 May 2023 01:14:53 INFO  epoch 431 training [time: 68.64s, train loss: 952343.4045]
Wed 17 May 2023 01:16:02 INFO  epoch 432 training [time: 68.64s, train loss: 960746.5930]
Wed 17 May 2023 01:17:10 INFO  epoch 433 training [time: 68.69s, train loss: 946776.7820]
Wed 17 May 2023 01:18:19 INFO  epoch 434 training [time: 68.77s, train loss: 951604.9426]
Wed 17 May 2023 01:19:28 INFO  epoch 435 training [time: 68.46s, train loss: 950234.2788]
Wed 17 May 2023 01:20:36 INFO  epoch 436 training [time: 68.79s, train loss: 943471.6171]
Wed 17 May 2023 01:21:45 INFO  epoch 437 training [time: 68.64s, train loss: 942126.4797]
Wed 17 May 2023 01:22:54 INFO  epoch 438 training [time: 68.65s, train loss: 941347.4528]
Wed 17 May 2023 01:24:02 INFO  epoch 439 training [time: 68.45s, train loss: 946534.3663]
Wed 17 May 2023 01:24:02 INFO  Saving current: saved\S3Rec-Amazon_Toys_and_Games-440.pth
Wed 17 May 2023 01:25:10 INFO  epoch 440 training [time: 68.37s, train loss: 943523.7164]
Wed 17 May 2023 01:26:19 INFO  epoch 441 training [time: 68.45s, train loss: 944060.6206]
Wed 17 May 2023 01:27:27 INFO  epoch 442 training [time: 68.55s, train loss: 947367.8175]
Wed 17 May 2023 01:28:36 INFO  epoch 443 training [time: 68.29s, train loss: 944391.2285]
Wed 17 May 2023 01:29:44 INFO  epoch 444 training [time: 68.56s, train loss: 948823.7904]
Wed 17 May 2023 01:30:53 INFO  epoch 445 training [time: 68.49s, train loss: 941544.1654]
Wed 17 May 2023 01:32:01 INFO  epoch 446 training [time: 68.41s, train loss: 942712.2112]
Wed 17 May 2023 01:33:10 INFO  epoch 447 training [time: 68.43s, train loss: 937266.1639]
Wed 17 May 2023 01:34:18 INFO  epoch 448 training [time: 67.99s, train loss: 942055.7830]
Wed 17 May 2023 01:35:26 INFO  epoch 449 training [time: 68.00s, train loss: 944422.5822]
Wed 17 May 2023 01:35:26 INFO  Saving current: saved\S3Rec-Amazon_Toys_and_Games-450.pth
Wed 17 May 2023 01:36:34 INFO  epoch 450 training [time: 68.13s, train loss: 945299.9404]
Wed 17 May 2023 01:37:42 INFO  epoch 451 training [time: 68.33s, train loss: 950881.3453]
Wed 17 May 2023 01:38:51 INFO  epoch 452 training [time: 68.45s, train loss: 936799.0829]
Wed 17 May 2023 01:39:59 INFO  epoch 453 training [time: 68.37s, train loss: 942185.1183]
Wed 17 May 2023 01:41:07 INFO  epoch 454 training [time: 68.49s, train loss: 940060.2352]
Wed 17 May 2023 01:42:16 INFO  epoch 455 training [time: 68.42s, train loss: 940669.7874]
Wed 17 May 2023 01:43:24 INFO  epoch 456 training [time: 68.48s, train loss: 937563.7736]
Wed 17 May 2023 01:44:33 INFO  epoch 457 training [time: 68.57s, train loss: 936575.3466]
Wed 17 May 2023 01:45:42 INFO  epoch 458 training [time: 68.57s, train loss: 938031.6190]
Wed 17 May 2023 01:46:50 INFO  epoch 459 training [time: 68.64s, train loss: 936173.4637]
Wed 17 May 2023 01:46:50 INFO  Saving current: saved\S3Rec-Amazon_Toys_and_Games-460.pth
Wed 17 May 2023 01:47:59 INFO  epoch 460 training [time: 68.63s, train loss: 943801.2489]
Wed 17 May 2023 01:49:07 INFO  epoch 461 training [time: 68.53s, train loss: 940910.6511]
Wed 17 May 2023 01:50:16 INFO  epoch 462 training [time: 68.47s, train loss: 941645.2158]
Wed 17 May 2023 01:51:24 INFO  epoch 463 training [time: 68.42s, train loss: 938955.4968]
Wed 17 May 2023 01:52:33 INFO  epoch 464 training [time: 68.52s, train loss: 947849.2825]
Wed 17 May 2023 01:53:41 INFO  epoch 465 training [time: 68.45s, train loss: 944084.7776]
Wed 17 May 2023 01:54:50 INFO  epoch 466 training [time: 68.42s, train loss: 941017.9601]
Wed 17 May 2023 01:55:58 INFO  epoch 467 training [time: 68.45s, train loss: 930667.1685]
Wed 17 May 2023 01:57:07 INFO  epoch 468 training [time: 68.46s, train loss: 937848.9244]
Wed 17 May 2023 01:58:15 INFO  epoch 469 training [time: 68.52s, train loss: 939133.5126]
Wed 17 May 2023 01:58:15 INFO  Saving current: saved\S3Rec-Amazon_Toys_and_Games-470.pth
Wed 17 May 2023 01:59:24 INFO  epoch 470 training [time: 68.50s, train loss: 940735.6868]
Wed 17 May 2023 02:00:32 INFO  epoch 471 training [time: 68.57s, train loss: 930925.3018]
Wed 17 May 2023 02:01:41 INFO  epoch 472 training [time: 68.38s, train loss: 940382.4540]
Wed 17 May 2023 02:02:49 INFO  epoch 473 training [time: 68.58s, train loss: 932103.6226]
Wed 17 May 2023 02:03:58 INFO  epoch 474 training [time: 68.40s, train loss: 933047.3503]
Wed 17 May 2023 02:05:06 INFO  epoch 475 training [time: 68.53s, train loss: 934670.4783]
Wed 17 May 2023 02:06:15 INFO  epoch 476 training [time: 68.57s, train loss: 937391.1423]
Wed 17 May 2023 02:07:23 INFO  epoch 477 training [time: 68.39s, train loss: 937313.8468]
Wed 17 May 2023 02:08:32 INFO  epoch 478 training [time: 68.57s, train loss: 932535.2142]
Wed 17 May 2023 02:09:40 INFO  epoch 479 training [time: 68.48s, train loss: 935536.2198]
Wed 17 May 2023 02:09:40 INFO  Saving current: saved\S3Rec-Amazon_Toys_and_Games-480.pth
Wed 17 May 2023 02:10:49 INFO  epoch 480 training [time: 68.53s, train loss: 934796.8319]
Wed 17 May 2023 02:11:57 INFO  epoch 481 training [time: 68.56s, train loss: 929018.5587]
Wed 17 May 2023 02:13:06 INFO  epoch 482 training [time: 68.43s, train loss: 938343.2329]
Wed 17 May 2023 02:14:14 INFO  epoch 483 training [time: 68.63s, train loss: 931287.3086]
Wed 17 May 2023 02:15:23 INFO  epoch 484 training [time: 68.58s, train loss: 934002.2811]
Wed 17 May 2023 02:16:31 INFO  epoch 485 training [time: 68.51s, train loss: 936680.7460]
Wed 17 May 2023 02:17:40 INFO  epoch 486 training [time: 68.38s, train loss: 940956.5063]
Wed 17 May 2023 02:18:48 INFO  epoch 487 training [time: 68.45s, train loss: 934995.2466]
Wed 17 May 2023 02:19:57 INFO  epoch 488 training [time: 68.73s, train loss: 928883.7736]
Wed 17 May 2023 02:21:06 INFO  epoch 489 training [time: 68.52s, train loss: 935301.9666]
Wed 17 May 2023 02:21:06 INFO  Saving current: saved\S3Rec-Amazon_Toys_and_Games-490.pth
Wed 17 May 2023 02:22:14 INFO  epoch 490 training [time: 68.46s, train loss: 928999.6357]
Wed 17 May 2023 02:23:23 INFO  epoch 491 training [time: 68.56s, train loss: 933026.1993]
Wed 17 May 2023 02:24:31 INFO  epoch 492 training [time: 68.60s, train loss: 925800.2882]
Wed 17 May 2023 02:25:40 INFO  epoch 493 training [time: 68.45s, train loss: 935431.1895]
Wed 17 May 2023 02:26:48 INFO  epoch 494 training [time: 68.83s, train loss: 920172.8948]
Wed 17 May 2023 02:27:57 INFO  epoch 495 training [time: 68.54s, train loss: 933978.1232]
Wed 17 May 2023 02:29:05 INFO  epoch 496 training [time: 68.43s, train loss: 922479.7260]
Wed 17 May 2023 02:30:14 INFO  epoch 497 training [time: 68.52s, train loss: 932062.5630]
Wed 17 May 2023 02:31:22 INFO  epoch 498 training [time: 68.32s, train loss: 933275.3226]
Wed 17 May 2023 02:32:31 INFO  epoch 499 training [time: 68.64s, train loss: 923070.1110]
Wed 17 May 2023 02:32:31 INFO  Saving current: saved\S3Rec-Amazon_Toys_and_Games-500.pth
