Tue 16 May 2023 14:08:40 INFO  
General Hyper Parameters:
gpu_id = 0
use_gpu = True
seed = 212
state = INFO
reproducibility = True
data_path = dataset/Amazon_Toys_and_Games
show_progress = True
save_dataset = False
save_dataloaders = False
benchmark_filename = None

Training Hyper Parameters:
checkpoint_dir = saved
epochs = 200
train_batch_size = 2048
learner = adam
learning_rate = 0.0001
eval_step = 2
stopping_step = 10
clip_grad_norm = None
weight_decay = 0.0
loss_decimal_place = 4

Evaluation Hyper Parameters:
eval_args = {'split': {'LS': 'valid_and_test'}, 'group_by': 'user', 'order': 'TO', 'mode': 'full'}
metrics = ['Recall', 'NDCG']
topk = [3, 5, 10, 20]
valid_metric = Recall@20
valid_metric_bigger = True
eval_batch_size = 256
metric_decimal_place = 4

Dataset Hyper Parameters:
field_separator = 	
seq_separator =  
USER_ID_FIELD = user_id
ITEM_ID_FIELD = item_id
RATING_FIELD = rating
TIME_FIELD = timestamp
seq_len = None
LABEL_FIELD = label
threshold = None
NEG_PREFIX = neg_
load_col = {'inter': ['user_id', 'item_id', 'rating', 'timestamp'], 'item': ['item_id', 'title', 'sales_rank', 'price', 'brand', 'categories', 'sales_type']}
unload_col = None
unused_col = None
additional_feat_suffix = None
rm_dup_inter = None
val_interval = None
filter_inter_by_user_or_item = True
user_inter_num_interval = [5,inf)
item_inter_num_interval = [5,inf)
alias_of_user_id = None
alias_of_item_id = None
alias_of_entity_id = None
alias_of_relation_id = None
preload_weight = None
normalize_field = None
normalize_all = None
ITEM_LIST_LENGTH_FIELD = item_length
LIST_SUFFIX = _list
MAX_ITEM_LIST_LENGTH = 50
POSITION_FIELD = position_id
HEAD_ENTITY_ID_FIELD = head_id
TAIL_ENTITY_ID_FIELD = tail_id
RELATION_ID_FIELD = relation_id
ENTITY_ID_FIELD = entity_id

Other Hyper Parameters: 
neg_sampling = None
multi_gpus = False
repeatable = True
n_layers = 3
n_heads = 4
hidden_size = 256
attribute_hidden_size = [64]
inner_size = 256
hidden_dropout_prob = 0.5
attn_dropout_prob = 0.3
hidden_act = gelu
layer_norm_eps = 1e-12
initializer_range = 0.02
selected_features = ['categories']
pooling_mode = sum
loss_type = CE
weight_sharing = not
fusion_type = gate
lamdas = [5]
attribute_predictor = linear
MODEL_TYPE = ModelType.SEQUENTIAL
MODEL_INPUT_TYPE = InputType.POINTWISE
eval_type = EvaluatorType.RANKING
device = cuda
train_neg_sample_args = {'strategy': 'none'}
eval_neg_sample_args = {'strategy': 'full', 'distribution': 'uniform'}


Tue 16 May 2023 14:08:40 INFO  Amazon_Toys_and_Games
The number of users: 9446
Average actions of users: 8.863313922710429
The number of items: 4709
Average actions of items: 17.781223449447747
The number of inters: 83714
The sparsity of the dataset: 99.81179920134375%
Remain Fields: ['user_id', 'item_id', 'rating', 'timestamp', 'title', 'price', 'sales_type', 'sales_rank', 'brand', 'categories']
Tue 16 May 2023 14:08:41 INFO  [Training]: train_batch_size = [2048] negative sampling: [None]
Tue 16 May 2023 14:08:41 INFO  [Evaluation]: eval_batch_size = [256] eval_args: [{'split': {'LS': 'valid_and_test'}, 'group_by': 'user', 'order': 'TO', 'mode': 'full'}]
Tue 16 May 2023 14:08:43 INFO  SASRecD(
  (item_embedding): Embedding(4709, 256, padding_idx=0)
  (position_embedding): Embedding(50, 256)
  (feature_embed_layer_list): ModuleList(
    (0): FeatureSeqEmbLayer()
  )
  (trm_encoder): DIFTransformerEncoder(
    (layer): ModuleList(
      (0): DIFTransformerLayer(
        (multi_head_attention): DIFMultiHeadAttention(
          (query): Linear(in_features=256, out_features=256, bias=True)
          (key): Linear(in_features=256, out_features=256, bias=True)
          (value): Linear(in_features=256, out_features=256, bias=True)
          (query_p): Linear(in_features=256, out_features=256, bias=True)
          (key_p): Linear(in_features=256, out_features=256, bias=True)
          (query_layers): ModuleList(
            (0): Linear(in_features=64, out_features=64, bias=True)
          )
          (key_layers): ModuleList(
            (0): Linear(in_features=64, out_features=64, bias=True)
          )
          (fusion_layer): VanillaAttention(
            (projection): Sequential(
              (0): Linear(in_features=50, out_features=50, bias=True)
              (1): ReLU(inplace=True)
              (2): Linear(in_features=50, out_features=1, bias=True)
            )
          )
          (attn_dropout): Dropout(p=0.3, inplace=False)
          (dense): Linear(in_features=256, out_features=256, bias=True)
          (LayerNorm): LayerNorm((256,), eps=1e-12, elementwise_affine=True)
          (out_dropout): Dropout(p=0.5, inplace=False)
        )
        (feed_forward): FeedForward(
          (dense_1): Linear(in_features=256, out_features=256, bias=True)
          (dense_2): Linear(in_features=256, out_features=256, bias=True)
          (LayerNorm): LayerNorm((256,), eps=1e-12, elementwise_affine=True)
          (dropout): Dropout(p=0.5, inplace=False)
        )
      )
      (1): DIFTransformerLayer(
        (multi_head_attention): DIFMultiHeadAttention(
          (query): Linear(in_features=256, out_features=256, bias=True)
          (key): Linear(in_features=256, out_features=256, bias=True)
          (value): Linear(in_features=256, out_features=256, bias=True)
          (query_p): Linear(in_features=256, out_features=256, bias=True)
          (key_p): Linear(in_features=256, out_features=256, bias=True)
          (query_layers): ModuleList(
            (0): Linear(in_features=64, out_features=64, bias=True)
          )
          (key_layers): ModuleList(
            (0): Linear(in_features=64, out_features=64, bias=True)
          )
          (fusion_layer): VanillaAttention(
            (projection): Sequential(
              (0): Linear(in_features=50, out_features=50, bias=True)
              (1): ReLU(inplace=True)
              (2): Linear(in_features=50, out_features=1, bias=True)
            )
          )
          (attn_dropout): Dropout(p=0.3, inplace=False)
          (dense): Linear(in_features=256, out_features=256, bias=True)
          (LayerNorm): LayerNorm((256,), eps=1e-12, elementwise_affine=True)
          (out_dropout): Dropout(p=0.5, inplace=False)
        )
        (feed_forward): FeedForward(
          (dense_1): Linear(in_features=256, out_features=256, bias=True)
          (dense_2): Linear(in_features=256, out_features=256, bias=True)
          (LayerNorm): LayerNorm((256,), eps=1e-12, elementwise_affine=True)
          (dropout): Dropout(p=0.5, inplace=False)
        )
      )
      (2): DIFTransformerLayer(
        (multi_head_attention): DIFMultiHeadAttention(
          (query): Linear(in_features=256, out_features=256, bias=True)
          (key): Linear(in_features=256, out_features=256, bias=True)
          (value): Linear(in_features=256, out_features=256, bias=True)
          (query_p): Linear(in_features=256, out_features=256, bias=True)
          (key_p): Linear(in_features=256, out_features=256, bias=True)
          (query_layers): ModuleList(
            (0): Linear(in_features=64, out_features=64, bias=True)
          )
          (key_layers): ModuleList(
            (0): Linear(in_features=64, out_features=64, bias=True)
          )
          (fusion_layer): VanillaAttention(
            (projection): Sequential(
              (0): Linear(in_features=50, out_features=50, bias=True)
              (1): ReLU(inplace=True)
              (2): Linear(in_features=50, out_features=1, bias=True)
            )
          )
          (attn_dropout): Dropout(p=0.3, inplace=False)
          (dense): Linear(in_features=256, out_features=256, bias=True)
          (LayerNorm): LayerNorm((256,), eps=1e-12, elementwise_affine=True)
          (out_dropout): Dropout(p=0.5, inplace=False)
        )
        (feed_forward): FeedForward(
          (dense_1): Linear(in_features=256, out_features=256, bias=True)
          (dense_2): Linear(in_features=256, out_features=256, bias=True)
          (LayerNorm): LayerNorm((256,), eps=1e-12, elementwise_affine=True)
          (dropout): Dropout(p=0.5, inplace=False)
        )
      )
    )
  )
  (ap): ModuleList(
    (0): Linear(in_features=256, out_features=786, bias=True)
  )
  (LayerNorm): LayerNorm((256,), eps=1e-12, elementwise_affine=True)
  (dropout): Dropout(p=0.5, inplace=False)
  (loss_fct): CrossEntropyLoss()
  (attribute_loss_fct): BCEWithLogitsLoss()
)
Trainable parameters: 3035661
Tue 16 May 2023 14:09:01 INFO  epoch 0 training [time: 18.67s, train loss: 327.5365]
Tue 16 May 2023 14:09:19 INFO  epoch 1 training [time: 17.53s, train loss: 302.6484]
Tue 16 May 2023 14:09:20 INFO  epoch 1 evaluating [time: 1.08s, valid_score: 0.082100]
Tue 16 May 2023 14:09:20 INFO  valid result: 
recall@3 : 0.0682    recall@5 : 0.0705    recall@10 : 0.0755    recall@20 : 0.0821    ndcg@3 : 0.0672    ndcg@5 : 0.0682    ndcg@10 : 0.0698    ndcg@20 : 0.0714    
Tue 16 May 2023 14:09:20 INFO  Saving current best: saved\SASRecD-May-16-2023_14-08-43.pth
Tue 16 May 2023 14:09:38 INFO  epoch 2 training [time: 17.59s, train loss: 256.0857]
Tue 16 May 2023 14:09:56 INFO  epoch 3 training [time: 17.71s, train loss: 240.5295]
Tue 16 May 2023 14:09:57 INFO  epoch 3 evaluating [time: 1.08s, valid_score: 0.083100]
Tue 16 May 2023 14:09:57 INFO  valid result: 
recall@3 : 0.0344    recall@5 : 0.0458    recall@10 : 0.0617    recall@20 : 0.0831    ndcg@3 : 0.028    ndcg@5 : 0.0326    ndcg@10 : 0.0377    ndcg@20 : 0.0431    
Tue 16 May 2023 14:09:57 INFO  Saving current best: saved\SASRecD-May-16-2023_14-08-43.pth
Tue 16 May 2023 14:10:15 INFO  epoch 4 training [time: 17.66s, train loss: 233.4844]
Tue 16 May 2023 14:10:32 INFO  epoch 5 training [time: 17.65s, train loss: 229.4704]
Tue 16 May 2023 14:10:33 INFO  epoch 5 evaluating [time: 1.09s, valid_score: 0.087000]
Tue 16 May 2023 14:10:33 INFO  valid result: 
recall@3 : 0.0518    recall@5 : 0.0596    recall@10 : 0.0702    recall@20 : 0.087    ndcg@3 : 0.0467    ndcg@5 : 0.05    ndcg@10 : 0.0534    ndcg@20 : 0.0576    
Tue 16 May 2023 14:10:34 INFO  Saving current best: saved\SASRecD-May-16-2023_14-08-43.pth
Tue 16 May 2023 14:10:51 INFO  epoch 6 training [time: 17.56s, train loss: 226.6466]
Tue 16 May 2023 14:11:09 INFO  epoch 7 training [time: 17.57s, train loss: 224.5897]
Tue 16 May 2023 14:11:10 INFO  epoch 7 evaluating [time: 1.09s, valid_score: 0.087800]
Tue 16 May 2023 14:11:10 INFO  valid result: 
recall@3 : 0.0625    recall@5 : 0.067    recall@10 : 0.0755    recall@20 : 0.0878    ndcg@3 : 0.0588    ndcg@5 : 0.0607    ndcg@10 : 0.0634    ndcg@20 : 0.0665    
Tue 16 May 2023 14:11:10 INFO  Saving current best: saved\SASRecD-May-16-2023_14-08-43.pth
Tue 16 May 2023 14:11:28 INFO  epoch 8 training [time: 17.56s, train loss: 223.0532]
Tue 16 May 2023 14:11:46 INFO  epoch 9 training [time: 17.56s, train loss: 221.5390]
Tue 16 May 2023 14:11:47 INFO  epoch 9 evaluating [time: 1.10s, valid_score: 0.091700]
Tue 16 May 2023 14:11:47 INFO  valid result: 
recall@3 : 0.0667    recall@5 : 0.0711    recall@10 : 0.0792    recall@20 : 0.0917    ndcg@3 : 0.064    ndcg@5 : 0.0658    ndcg@10 : 0.0683    ndcg@20 : 0.0715    
Tue 16 May 2023 14:11:47 INFO  Saving current best: saved\SASRecD-May-16-2023_14-08-43.pth
Tue 16 May 2023 14:12:05 INFO  epoch 10 training [time: 17.63s, train loss: 220.4167]
Tue 16 May 2023 14:12:22 INFO  epoch 11 training [time: 17.55s, train loss: 218.6513]
Tue 16 May 2023 14:12:23 INFO  epoch 11 evaluating [time: 1.09s, valid_score: 0.096000]
Tue 16 May 2023 14:12:23 INFO  valid result: 
recall@3 : 0.0708    recall@5 : 0.0755    recall@10 : 0.0839    recall@20 : 0.096    ndcg@3 : 0.0677    ndcg@5 : 0.0696    ndcg@10 : 0.0723    ndcg@20 : 0.0753    
Tue 16 May 2023 14:12:24 INFO  Saving current best: saved\SASRecD-May-16-2023_14-08-43.pth
Tue 16 May 2023 14:12:41 INFO  epoch 12 training [time: 17.55s, train loss: 217.7298]
Tue 16 May 2023 14:12:59 INFO  epoch 13 training [time: 17.56s, train loss: 216.6834]
Tue 16 May 2023 14:13:00 INFO  epoch 13 evaluating [time: 1.09s, valid_score: 0.099100]
Tue 16 May 2023 14:13:00 INFO  valid result: 
recall@3 : 0.0743    recall@5 : 0.0781    recall@10 : 0.0866    recall@20 : 0.0991    ndcg@3 : 0.0707    ndcg@5 : 0.0723    ndcg@10 : 0.075    ndcg@20 : 0.0781    
Tue 16 May 2023 14:13:00 INFO  Saving current best: saved\SASRecD-May-16-2023_14-08-43.pth
Tue 16 May 2023 14:13:18 INFO  epoch 14 training [time: 17.56s, train loss: 215.4693]
Tue 16 May 2023 14:13:35 INFO  epoch 15 training [time: 17.55s, train loss: 214.4206]
Tue 16 May 2023 14:13:36 INFO  epoch 15 evaluating [time: 1.08s, valid_score: 0.102000]
Tue 16 May 2023 14:13:36 INFO  valid result: 
recall@3 : 0.0771    recall@5 : 0.0815    recall@10 : 0.0888    recall@20 : 0.102    ndcg@3 : 0.0727    ndcg@5 : 0.0745    ndcg@10 : 0.0768    ndcg@20 : 0.0801    
Tue 16 May 2023 14:13:37 INFO  Saving current best: saved\SASRecD-May-16-2023_14-08-43.pth
Tue 16 May 2023 14:13:54 INFO  epoch 16 training [time: 17.59s, train loss: 213.2191]
Tue 16 May 2023 14:14:12 INFO  epoch 17 training [time: 17.70s, train loss: 212.0534]
Tue 16 May 2023 14:14:13 INFO  epoch 17 evaluating [time: 1.09s, valid_score: 0.106400]
Tue 16 May 2023 14:14:13 INFO  valid result: 
recall@3 : 0.0796    recall@5 : 0.0839    recall@10 : 0.0925    recall@20 : 0.1064    ndcg@3 : 0.0744    ndcg@5 : 0.0762    ndcg@10 : 0.0789    ndcg@20 : 0.0823    
Tue 16 May 2023 14:14:14 INFO  Saving current best: saved\SASRecD-May-16-2023_14-08-43.pth
Tue 16 May 2023 14:14:31 INFO  epoch 18 training [time: 17.61s, train loss: 210.6971]
Tue 16 May 2023 14:14:49 INFO  epoch 19 training [time: 17.78s, train loss: 209.6910]
Tue 16 May 2023 14:14:50 INFO  epoch 19 evaluating [time: 1.08s, valid_score: 0.112100]
Tue 16 May 2023 14:14:50 INFO  valid result: 
recall@3 : 0.0808    recall@5 : 0.0869    recall@10 : 0.0962    recall@20 : 0.1121    ndcg@3 : 0.0754    ndcg@5 : 0.0779    ndcg@10 : 0.0809    ndcg@20 : 0.0848    
Tue 16 May 2023 14:14:51 INFO  Saving current best: saved\SASRecD-May-16-2023_14-08-43.pth
Tue 16 May 2023 14:15:08 INFO  epoch 20 training [time: 17.67s, train loss: 208.4037]
Tue 16 May 2023 14:15:26 INFO  epoch 21 training [time: 17.56s, train loss: 207.5958]
Tue 16 May 2023 14:15:27 INFO  epoch 21 evaluating [time: 1.07s, valid_score: 0.117100]
Tue 16 May 2023 14:15:27 INFO  valid result: 
recall@3 : 0.0837    recall@5 : 0.0906    recall@10 : 0.1005    recall@20 : 0.1171    ndcg@3 : 0.0773    ndcg@5 : 0.0802    ndcg@10 : 0.0833    ndcg@20 : 0.0875    
Tue 16 May 2023 14:15:27 INFO  Saving current best: saved\SASRecD-May-16-2023_14-08-43.pth
Tue 16 May 2023 14:15:45 INFO  epoch 22 training [time: 17.55s, train loss: 205.9309]
Tue 16 May 2023 14:16:03 INFO  epoch 23 training [time: 17.68s, train loss: 204.8992]
Tue 16 May 2023 14:16:04 INFO  epoch 23 evaluating [time: 1.08s, valid_score: 0.124500]
Tue 16 May 2023 14:16:04 INFO  valid result: 
recall@3 : 0.0861    recall@5 : 0.0949    recall@10 : 0.1052    recall@20 : 0.1245    ndcg@3 : 0.0788    ndcg@5 : 0.0824    ndcg@10 : 0.0857    ndcg@20 : 0.0905    
Tue 16 May 2023 14:16:04 INFO  Saving current best: saved\SASRecD-May-16-2023_14-08-43.pth
Tue 16 May 2023 14:16:22 INFO  epoch 24 training [time: 17.66s, train loss: 204.0370]
Tue 16 May 2023 14:16:39 INFO  epoch 25 training [time: 17.58s, train loss: 202.5281]
Tue 16 May 2023 14:16:40 INFO  epoch 25 evaluating [time: 1.09s, valid_score: 0.131700]
Tue 16 May 2023 14:16:40 INFO  valid result: 
recall@3 : 0.0889    recall@5 : 0.0977    recall@10 : 0.1119    recall@20 : 0.1317    ndcg@3 : 0.0807    ndcg@5 : 0.0844    ndcg@10 : 0.0889    ndcg@20 : 0.0939    
Tue 16 May 2023 14:16:41 INFO  Saving current best: saved\SASRecD-May-16-2023_14-08-43.pth
Tue 16 May 2023 14:16:58 INFO  epoch 26 training [time: 17.61s, train loss: 201.2433]
Tue 16 May 2023 14:17:16 INFO  epoch 27 training [time: 17.62s, train loss: 199.6854]
Tue 16 May 2023 14:17:17 INFO  epoch 27 evaluating [time: 1.09s, valid_score: 0.139000]
Tue 16 May 2023 14:17:17 INFO  valid result: 
recall@3 : 0.0916    recall@5 : 0.101    recall@10 : 0.117    recall@20 : 0.139    ndcg@3 : 0.0821    ndcg@5 : 0.086    ndcg@10 : 0.0911    ndcg@20 : 0.0966    
Tue 16 May 2023 14:17:17 INFO  Saving current best: saved\SASRecD-May-16-2023_14-08-43.pth
Tue 16 May 2023 14:17:35 INFO  epoch 28 training [time: 17.61s, train loss: 198.6715]
Tue 16 May 2023 14:17:53 INFO  epoch 29 training [time: 17.61s, train loss: 197.3792]
Tue 16 May 2023 14:17:54 INFO  epoch 29 evaluating [time: 1.10s, valid_score: 0.144700]
Tue 16 May 2023 14:17:54 INFO  valid result: 
recall@3 : 0.0925    recall@5 : 0.1045    recall@10 : 0.1209    recall@20 : 0.1447    ndcg@3 : 0.083    ndcg@5 : 0.0879    ndcg@10 : 0.0932    ndcg@20 : 0.0991    
Tue 16 May 2023 14:17:54 INFO  Saving current best: saved\SASRecD-May-16-2023_14-08-43.pth
Tue 16 May 2023 14:18:12 INFO  epoch 30 training [time: 17.80s, train loss: 196.2084]
Tue 16 May 2023 14:18:30 INFO  epoch 31 training [time: 17.67s, train loss: 194.7589]
Tue 16 May 2023 14:18:31 INFO  epoch 31 evaluating [time: 1.10s, valid_score: 0.149500]
Tue 16 May 2023 14:18:31 INFO  valid result: 
recall@3 : 0.0935    recall@5 : 0.1061    recall@10 : 0.1235    recall@20 : 0.1495    ndcg@3 : 0.084    ndcg@5 : 0.0892    ndcg@10 : 0.0948    ndcg@20 : 0.1013    
Tue 16 May 2023 14:18:31 INFO  Saving current best: saved\SASRecD-May-16-2023_14-08-43.pth
Tue 16 May 2023 14:18:49 INFO  epoch 32 training [time: 17.63s, train loss: 193.5779]
Tue 16 May 2023 14:19:06 INFO  epoch 33 training [time: 17.58s, train loss: 192.2542]
Tue 16 May 2023 14:19:07 INFO  epoch 33 evaluating [time: 1.09s, valid_score: 0.154200]
Tue 16 May 2023 14:19:07 INFO  valid result: 
recall@3 : 0.0951    recall@5 : 0.1091    recall@10 : 0.1262    recall@20 : 0.1542    ndcg@3 : 0.0851    ndcg@5 : 0.0908    ndcg@10 : 0.0963    ndcg@20 : 0.1033    
Tue 16 May 2023 14:19:08 INFO  Saving current best: saved\SASRecD-May-16-2023_14-08-43.pth
Tue 16 May 2023 14:19:25 INFO  epoch 34 training [time: 17.60s, train loss: 191.1100]
Tue 16 May 2023 14:19:43 INFO  epoch 35 training [time: 17.55s, train loss: 189.8339]
Tue 16 May 2023 14:19:44 INFO  epoch 35 evaluating [time: 1.09s, valid_score: 0.157900]
Tue 16 May 2023 14:19:44 INFO  valid result: 
recall@3 : 0.0976    recall@5 : 0.1095    recall@10 : 0.1292    recall@20 : 0.1579    ndcg@3 : 0.0865    ndcg@5 : 0.0913    ndcg@10 : 0.0977    ndcg@20 : 0.1049    
Tue 16 May 2023 14:19:44 INFO  Saving current best: saved\SASRecD-May-16-2023_14-08-43.pth
Tue 16 May 2023 14:20:02 INFO  epoch 36 training [time: 17.65s, train loss: 188.3636]
Tue 16 May 2023 14:20:20 INFO  epoch 37 training [time: 17.77s, train loss: 187.5818]
Tue 16 May 2023 14:20:21 INFO  epoch 37 evaluating [time: 1.08s, valid_score: 0.161700]
Tue 16 May 2023 14:20:21 INFO  valid result: 
recall@3 : 0.0973    recall@5 : 0.1117    recall@10 : 0.1329    recall@20 : 0.1617    ndcg@3 : 0.0866    ndcg@5 : 0.0925    ndcg@10 : 0.0993    ndcg@20 : 0.1065    
Tue 16 May 2023 14:20:21 INFO  Saving current best: saved\SASRecD-May-16-2023_14-08-43.pth
Tue 16 May 2023 14:20:39 INFO  epoch 38 training [time: 17.61s, train loss: 186.7777]
Tue 16 May 2023 14:20:57 INFO  epoch 39 training [time: 17.63s, train loss: 185.4200]
Tue 16 May 2023 14:20:58 INFO  epoch 39 evaluating [time: 1.10s, valid_score: 0.165600]
Tue 16 May 2023 14:20:58 INFO  valid result: 
recall@3 : 0.0977    recall@5 : 0.1142    recall@10 : 0.135    recall@20 : 0.1656    ndcg@3 : 0.0869    ndcg@5 : 0.0937    ndcg@10 : 0.1004    ndcg@20 : 0.1081    
Tue 16 May 2023 14:20:58 INFO  Saving current best: saved\SASRecD-May-16-2023_14-08-43.pth
Tue 16 May 2023 14:21:16 INFO  epoch 40 training [time: 17.61s, train loss: 184.6532]
Tue 16 May 2023 14:21:33 INFO  epoch 41 training [time: 17.66s, train loss: 183.6762]
Tue 16 May 2023 14:21:34 INFO  epoch 41 evaluating [time: 1.09s, valid_score: 0.168600]
Tue 16 May 2023 14:21:34 INFO  valid result: 
recall@3 : 0.0987    recall@5 : 0.1153    recall@10 : 0.1371    recall@20 : 0.1686    ndcg@3 : 0.0878    ndcg@5 : 0.0947    ndcg@10 : 0.1017    ndcg@20 : 0.1096    
Tue 16 May 2023 14:21:35 INFO  Saving current best: saved\SASRecD-May-16-2023_14-08-43.pth
Tue 16 May 2023 14:21:52 INFO  epoch 42 training [time: 17.57s, train loss: 182.1852]
Tue 16 May 2023 14:22:10 INFO  epoch 43 training [time: 17.77s, train loss: 181.1278]
Tue 16 May 2023 14:22:11 INFO  epoch 43 evaluating [time: 1.08s, valid_score: 0.171900]
Tue 16 May 2023 14:22:11 INFO  valid result: 
recall@3 : 0.0999    recall@5 : 0.1176    recall@10 : 0.1402    recall@20 : 0.1719    ndcg@3 : 0.0887    ndcg@5 : 0.0961    ndcg@10 : 0.1033    ndcg@20 : 0.1113    
Tue 16 May 2023 14:22:12 INFO  Saving current best: saved\SASRecD-May-16-2023_14-08-43.pth
Tue 16 May 2023 14:22:29 INFO  epoch 44 training [time: 17.71s, train loss: 180.6482]
Tue 16 May 2023 14:22:47 INFO  epoch 45 training [time: 17.64s, train loss: 179.5864]
Tue 16 May 2023 14:22:48 INFO  epoch 45 evaluating [time: 1.10s, valid_score: 0.174600]
Tue 16 May 2023 14:22:48 INFO  valid result: 
recall@3 : 0.1026    recall@5 : 0.1207    recall@10 : 0.1422    recall@20 : 0.1746    ndcg@3 : 0.0901    ndcg@5 : 0.0976    ndcg@10 : 0.1045    ndcg@20 : 0.1127    
Tue 16 May 2023 14:22:48 INFO  Saving current best: saved\SASRecD-May-16-2023_14-08-43.pth
Tue 16 May 2023 14:23:06 INFO  epoch 46 training [time: 17.65s, train loss: 178.9960]
Tue 16 May 2023 14:23:24 INFO  epoch 47 training [time: 17.62s, train loss: 178.1597]
Tue 16 May 2023 14:23:25 INFO  epoch 47 evaluating [time: 1.10s, valid_score: 0.178300]
Tue 16 May 2023 14:23:25 INFO  valid result: 
recall@3 : 0.1043    recall@5 : 0.1224    recall@10 : 0.1449    recall@20 : 0.1783    ndcg@3 : 0.0913    ndcg@5 : 0.0987    ndcg@10 : 0.1059    ndcg@20 : 0.1143    
Tue 16 May 2023 14:23:25 INFO  Saving current best: saved\SASRecD-May-16-2023_14-08-43.pth
Tue 16 May 2023 14:23:43 INFO  epoch 48 training [time: 17.62s, train loss: 176.9235]
Tue 16 May 2023 14:24:00 INFO  epoch 49 training [time: 17.67s, train loss: 175.9464]
Tue 16 May 2023 14:24:02 INFO  epoch 49 evaluating [time: 1.08s, valid_score: 0.180500]
Tue 16 May 2023 14:24:02 INFO  valid result: 
recall@3 : 0.1048    recall@5 : 0.1238    recall@10 : 0.147    recall@20 : 0.1805    ndcg@3 : 0.0916    ndcg@5 : 0.0993    ndcg@10 : 0.1067    ndcg@20 : 0.1152    
Tue 16 May 2023 14:24:02 INFO  Saving current best: saved\SASRecD-May-16-2023_14-08-43.pth
Tue 16 May 2023 14:24:20 INFO  epoch 50 training [time: 17.75s, train loss: 175.2524]
Tue 16 May 2023 14:24:37 INFO  epoch 51 training [time: 17.64s, train loss: 174.1013]
Tue 16 May 2023 14:24:38 INFO  epoch 51 evaluating [time: 1.09s, valid_score: 0.184200]
Tue 16 May 2023 14:24:38 INFO  valid result: 
recall@3 : 0.1051    recall@5 : 0.1243    recall@10 : 0.1493    recall@20 : 0.1842    ndcg@3 : 0.0918    ndcg@5 : 0.0996    ndcg@10 : 0.1076    ndcg@20 : 0.1164    
Tue 16 May 2023 14:24:39 INFO  Saving current best: saved\SASRecD-May-16-2023_14-08-43.pth
Tue 16 May 2023 14:24:56 INFO  epoch 52 training [time: 17.63s, train loss: 173.8368]
Tue 16 May 2023 14:25:14 INFO  epoch 53 training [time: 17.63s, train loss: 173.2326]
Tue 16 May 2023 14:25:15 INFO  epoch 53 evaluating [time: 1.09s, valid_score: 0.187500]
Tue 16 May 2023 14:25:15 INFO  valid result: 
recall@3 : 0.1067    recall@5 : 0.1254    recall@10 : 0.1506    recall@20 : 0.1875    ndcg@3 : 0.0927    ndcg@5 : 0.1003    ndcg@10 : 0.1085    ndcg@20 : 0.1178    
Tue 16 May 2023 14:25:16 INFO  Saving current best: saved\SASRecD-May-16-2023_14-08-43.pth
Tue 16 May 2023 14:25:33 INFO  epoch 54 training [time: 17.64s, train loss: 172.3953]
Tue 16 May 2023 14:25:51 INFO  epoch 55 training [time: 17.58s, train loss: 171.5214]
Tue 16 May 2023 14:25:52 INFO  epoch 55 evaluating [time: 1.09s, valid_score: 0.190200]
Tue 16 May 2023 14:25:52 INFO  valid result: 
recall@3 : 0.1077    recall@5 : 0.1255    recall@10 : 0.1526    recall@20 : 0.1902    ndcg@3 : 0.0932    ndcg@5 : 0.1005    ndcg@10 : 0.1093    ndcg@20 : 0.1188    
Tue 16 May 2023 14:25:52 INFO  Saving current best: saved\SASRecD-May-16-2023_14-08-43.pth
Tue 16 May 2023 14:26:10 INFO  epoch 56 training [time: 17.84s, train loss: 170.7446]
Tue 16 May 2023 14:26:28 INFO  epoch 57 training [time: 17.79s, train loss: 170.2902]
Tue 16 May 2023 14:26:29 INFO  epoch 57 evaluating [time: 1.11s, valid_score: 0.190900]
Tue 16 May 2023 14:26:29 INFO  valid result: 
recall@3 : 0.1085    recall@5 : 0.1264    recall@10 : 0.1544    recall@20 : 0.1909    ndcg@3 : 0.0936    ndcg@5 : 0.101    ndcg@10 : 0.1101    ndcg@20 : 0.1192    
Tue 16 May 2023 14:26:29 INFO  Saving current best: saved\SASRecD-May-16-2023_14-08-43.pth
Tue 16 May 2023 14:26:47 INFO  epoch 58 training [time: 17.72s, train loss: 169.7924]
Tue 16 May 2023 14:27:05 INFO  epoch 59 training [time: 17.66s, train loss: 168.9434]
Tue 16 May 2023 14:27:06 INFO  epoch 59 evaluating [time: 1.09s, valid_score: 0.194000]
Tue 16 May 2023 14:27:06 INFO  valid result: 
recall@3 : 0.1089    recall@5 : 0.1296    recall@10 : 0.1555    recall@20 : 0.194    ndcg@3 : 0.0938    ndcg@5 : 0.1022    ndcg@10 : 0.1106    ndcg@20 : 0.1202    
Tue 16 May 2023 14:27:06 INFO  Saving current best: saved\SASRecD-May-16-2023_14-08-43.pth
Tue 16 May 2023 14:27:24 INFO  epoch 60 training [time: 17.62s, train loss: 167.8957]
Tue 16 May 2023 14:27:42 INFO  epoch 61 training [time: 17.65s, train loss: 167.4629]
Tue 16 May 2023 14:27:43 INFO  epoch 61 evaluating [time: 1.09s, valid_score: 0.194800]
Tue 16 May 2023 14:27:43 INFO  valid result: 
recall@3 : 0.1087    recall@5 : 0.1298    recall@10 : 0.1563    recall@20 : 0.1948    ndcg@3 : 0.0938    ndcg@5 : 0.1025    ndcg@10 : 0.111    ndcg@20 : 0.1207    
Tue 16 May 2023 14:27:43 INFO  Saving current best: saved\SASRecD-May-16-2023_14-08-43.pth
Tue 16 May 2023 14:28:01 INFO  epoch 62 training [time: 17.76s, train loss: 166.9709]
Tue 16 May 2023 14:28:18 INFO  epoch 63 training [time: 17.75s, train loss: 166.4510]
Tue 16 May 2023 14:28:20 INFO  epoch 63 evaluating [time: 1.08s, valid_score: 0.195800]
Tue 16 May 2023 14:28:20 INFO  valid result: 
recall@3 : 0.1089    recall@5 : 0.1308    recall@10 : 0.1574    recall@20 : 0.1958    ndcg@3 : 0.0941    ndcg@5 : 0.103    ndcg@10 : 0.1117    ndcg@20 : 0.1213    
Tue 16 May 2023 14:28:20 INFO  Saving current best: saved\SASRecD-May-16-2023_14-08-43.pth
Tue 16 May 2023 14:28:38 INFO  epoch 64 training [time: 17.69s, train loss: 165.2502]
Tue 16 May 2023 14:28:55 INFO  epoch 65 training [time: 17.65s, train loss: 165.0900]
Tue 16 May 2023 14:28:56 INFO  epoch 65 evaluating [time: 1.09s, valid_score: 0.196800]
Tue 16 May 2023 14:28:56 INFO  valid result: 
recall@3 : 0.11    recall@5 : 0.1322    recall@10 : 0.1583    recall@20 : 0.1968    ndcg@3 : 0.0946    ndcg@5 : 0.1038    ndcg@10 : 0.1122    ndcg@20 : 0.1219    
Tue 16 May 2023 14:28:57 INFO  Saving current best: saved\SASRecD-May-16-2023_14-08-43.pth
Tue 16 May 2023 14:29:14 INFO  epoch 66 training [time: 17.68s, train loss: 164.4743]
Tue 16 May 2023 14:29:32 INFO  epoch 67 training [time: 17.62s, train loss: 164.0502]
Tue 16 May 2023 14:29:33 INFO  epoch 67 evaluating [time: 1.10s, valid_score: 0.199200]
Tue 16 May 2023 14:29:33 INFO  valid result: 
recall@3 : 0.1103    recall@5 : 0.1325    recall@10 : 0.159    recall@20 : 0.1992    ndcg@3 : 0.0948    ndcg@5 : 0.1039    ndcg@10 : 0.1125    ndcg@20 : 0.1226    
Tue 16 May 2023 14:29:34 INFO  Saving current best: saved\SASRecD-May-16-2023_14-08-43.pth
Tue 16 May 2023 14:29:51 INFO  epoch 68 training [time: 17.59s, train loss: 163.5904]
Tue 16 May 2023 14:30:09 INFO  epoch 69 training [time: 17.64s, train loss: 162.8261]
Tue 16 May 2023 14:30:10 INFO  epoch 69 evaluating [time: 1.09s, valid_score: 0.200500]
Tue 16 May 2023 14:30:10 INFO  valid result: 
recall@3 : 0.1106    recall@5 : 0.1336    recall@10 : 0.1609    recall@20 : 0.2005    ndcg@3 : 0.0948    ndcg@5 : 0.1043    ndcg@10 : 0.1131    ndcg@20 : 0.123    
Tue 16 May 2023 14:30:10 INFO  Saving current best: saved\SASRecD-May-16-2023_14-08-43.pth
Tue 16 May 2023 14:30:28 INFO  epoch 70 training [time: 17.72s, train loss: 161.8832]
Tue 16 May 2023 14:30:46 INFO  epoch 71 training [time: 17.64s, train loss: 161.5760]
Tue 16 May 2023 14:30:47 INFO  epoch 71 evaluating [time: 1.10s, valid_score: 0.201500]
Tue 16 May 2023 14:30:47 INFO  valid result: 
recall@3 : 0.1111    recall@5 : 0.134    recall@10 : 0.1612    recall@20 : 0.2015    ndcg@3 : 0.0949    ndcg@5 : 0.1044    ndcg@10 : 0.1132    ndcg@20 : 0.1233    
Tue 16 May 2023 14:30:47 INFO  Saving current best: saved\SASRecD-May-16-2023_14-08-43.pth
Tue 16 May 2023 14:31:05 INFO  epoch 72 training [time: 17.57s, train loss: 160.4717]
Tue 16 May 2023 14:31:22 INFO  epoch 73 training [time: 17.62s, train loss: 160.3594]
Tue 16 May 2023 14:31:23 INFO  epoch 73 evaluating [time: 1.09s, valid_score: 0.202800]
Tue 16 May 2023 14:31:23 INFO  valid result: 
recall@3 : 0.1118    recall@5 : 0.1348    recall@10 : 0.1626    recall@20 : 0.2028    ndcg@3 : 0.0956    ndcg@5 : 0.105    ndcg@10 : 0.114    ndcg@20 : 0.1241    
Tue 16 May 2023 14:31:24 INFO  Saving current best: saved\SASRecD-May-16-2023_14-08-43.pth
Tue 16 May 2023 14:31:41 INFO  epoch 74 training [time: 17.61s, train loss: 160.1227]
Tue 16 May 2023 14:31:59 INFO  epoch 75 training [time: 17.71s, train loss: 159.6146]
Tue 16 May 2023 14:32:00 INFO  epoch 75 evaluating [time: 1.10s, valid_score: 0.204400]
Tue 16 May 2023 14:32:00 INFO  valid result: 
recall@3 : 0.112    recall@5 : 0.1346    recall@10 : 0.1637    recall@20 : 0.2044    ndcg@3 : 0.0957    ndcg@5 : 0.105    ndcg@10 : 0.1144    ndcg@20 : 0.1247    
Tue 16 May 2023 14:32:01 INFO  Saving current best: saved\SASRecD-May-16-2023_14-08-43.pth
Tue 16 May 2023 14:32:18 INFO  epoch 76 training [time: 17.72s, train loss: 158.5633]
Tue 16 May 2023 14:32:36 INFO  epoch 77 training [time: 17.70s, train loss: 158.6111]
Tue 16 May 2023 14:32:37 INFO  epoch 77 evaluating [time: 1.10s, valid_score: 0.205400]
Tue 16 May 2023 14:32:37 INFO  valid result: 
recall@3 : 0.1125    recall@5 : 0.135    recall@10 : 0.1644    recall@20 : 0.2054    ndcg@3 : 0.0963    ndcg@5 : 0.1055    ndcg@10 : 0.1151    ndcg@20 : 0.1254    
Tue 16 May 2023 14:32:38 INFO  Saving current best: saved\SASRecD-May-16-2023_14-08-43.pth
Tue 16 May 2023 14:32:55 INFO  epoch 78 training [time: 17.64s, train loss: 157.6191]
Tue 16 May 2023 14:33:13 INFO  epoch 79 training [time: 17.62s, train loss: 157.2576]
Tue 16 May 2023 14:33:14 INFO  epoch 79 evaluating [time: 1.09s, valid_score: 0.206000]
Tue 16 May 2023 14:33:14 INFO  valid result: 
recall@3 : 0.1128    recall@5 : 0.1359    recall@10 : 0.1656    recall@20 : 0.206    ndcg@3 : 0.0962    ndcg@5 : 0.1058    ndcg@10 : 0.1154    ndcg@20 : 0.1255    
Tue 16 May 2023 14:33:14 INFO  Saving current best: saved\SASRecD-May-16-2023_14-08-43.pth
Tue 16 May 2023 14:33:32 INFO  epoch 80 training [time: 17.53s, train loss: 156.9719]
Tue 16 May 2023 14:33:49 INFO  epoch 81 training [time: 17.61s, train loss: 156.3697]
Tue 16 May 2023 14:33:51 INFO  epoch 81 evaluating [time: 1.10s, valid_score: 0.207600]
Tue 16 May 2023 14:33:51 INFO  valid result: 
recall@3 : 0.1139    recall@5 : 0.1361    recall@10 : 0.1658    recall@20 : 0.2076    ndcg@3 : 0.0969    ndcg@5 : 0.106    ndcg@10 : 0.1156    ndcg@20 : 0.1261    
Tue 16 May 2023 14:33:51 INFO  Saving current best: saved\SASRecD-May-16-2023_14-08-43.pth
Tue 16 May 2023 14:34:09 INFO  epoch 82 training [time: 17.80s, train loss: 155.7346]
Tue 16 May 2023 14:34:26 INFO  epoch 83 training [time: 17.72s, train loss: 155.3853]
Tue 16 May 2023 14:34:28 INFO  epoch 83 evaluating [time: 1.10s, valid_score: 0.207700]
Tue 16 May 2023 14:34:28 INFO  valid result: 
recall@3 : 0.114    recall@5 : 0.1365    recall@10 : 0.1665    recall@20 : 0.2077    ndcg@3 : 0.0968    ndcg@5 : 0.106    ndcg@10 : 0.1158    ndcg@20 : 0.1262    
Tue 16 May 2023 14:34:28 INFO  Saving current best: saved\SASRecD-May-16-2023_14-08-43.pth
Tue 16 May 2023 14:34:46 INFO  epoch 84 training [time: 17.61s, train loss: 154.5558]
Tue 16 May 2023 14:35:03 INFO  epoch 85 training [time: 17.64s, train loss: 154.1667]
Tue 16 May 2023 14:35:04 INFO  epoch 85 evaluating [time: 1.09s, valid_score: 0.208200]
Tue 16 May 2023 14:35:04 INFO  valid result: 
recall@3 : 0.1147    recall@5 : 0.1373    recall@10 : 0.1663    recall@20 : 0.2082    ndcg@3 : 0.0971    ndcg@5 : 0.1064    ndcg@10 : 0.1158    ndcg@20 : 0.1264    
Tue 16 May 2023 14:35:05 INFO  Saving current best: saved\SASRecD-May-16-2023_14-08-43.pth
Tue 16 May 2023 14:35:22 INFO  epoch 86 training [time: 17.61s, train loss: 153.5124]
Tue 16 May 2023 14:35:40 INFO  epoch 87 training [time: 17.64s, train loss: 153.3766]
Tue 16 May 2023 14:35:41 INFO  epoch 87 evaluating [time: 1.10s, valid_score: 0.209500]
Tue 16 May 2023 14:35:41 INFO  valid result: 
recall@3 : 0.1148    recall@5 : 0.1364    recall@10 : 0.1678    recall@20 : 0.2095    ndcg@3 : 0.0971    ndcg@5 : 0.106    ndcg@10 : 0.1162    ndcg@20 : 0.1267    
Tue 16 May 2023 14:35:41 INFO  Saving current best: saved\SASRecD-May-16-2023_14-08-43.pth
Tue 16 May 2023 14:35:59 INFO  epoch 88 training [time: 17.68s, train loss: 152.5906]
Tue 16 May 2023 14:36:17 INFO  epoch 89 training [time: 17.75s, train loss: 152.5450]
Tue 16 May 2023 14:36:18 INFO  epoch 89 evaluating [time: 1.09s, valid_score: 0.209400]
Tue 16 May 2023 14:36:18 INFO  valid result: 
recall@3 : 0.1155    recall@5 : 0.137    recall@10 : 0.1678    recall@20 : 0.2094    ndcg@3 : 0.0975    ndcg@5 : 0.1063    ndcg@10 : 0.1163    ndcg@20 : 0.1268    
Tue 16 May 2023 14:36:36 INFO  epoch 90 training [time: 17.68s, train loss: 151.6396]
Tue 16 May 2023 14:36:53 INFO  epoch 91 training [time: 17.63s, train loss: 151.6191]
Tue 16 May 2023 14:36:54 INFO  epoch 91 evaluating [time: 1.09s, valid_score: 0.209700]
Tue 16 May 2023 14:36:54 INFO  valid result: 
recall@3 : 0.1156    recall@5 : 0.1375    recall@10 : 0.1678    recall@20 : 0.2097    ndcg@3 : 0.0976    ndcg@5 : 0.1066    ndcg@10 : 0.1164    ndcg@20 : 0.1271    
Tue 16 May 2023 14:36:55 INFO  Saving current best: saved\SASRecD-May-16-2023_14-08-43.pth
Tue 16 May 2023 14:37:12 INFO  epoch 92 training [time: 17.58s, train loss: 151.1966]
Tue 16 May 2023 14:37:30 INFO  epoch 93 training [time: 17.63s, train loss: 150.5722]
Tue 16 May 2023 14:37:31 INFO  epoch 93 evaluating [time: 1.09s, valid_score: 0.210000]
Tue 16 May 2023 14:37:31 INFO  valid result: 
recall@3 : 0.116    recall@5 : 0.1389    recall@10 : 0.1686    recall@20 : 0.21    ndcg@3 : 0.098    ndcg@5 : 0.1073    ndcg@10 : 0.1169    ndcg@20 : 0.1274    
Tue 16 May 2023 14:37:31 INFO  Saving current best: saved\SASRecD-May-16-2023_14-08-43.pth
Tue 16 May 2023 14:37:49 INFO  epoch 94 training [time: 17.58s, train loss: 150.2389]
Tue 16 May 2023 14:38:07 INFO  epoch 95 training [time: 17.78s, train loss: 149.2661]
Tue 16 May 2023 14:38:08 INFO  epoch 95 evaluating [time: 1.08s, valid_score: 0.211300]
Tue 16 May 2023 14:38:08 INFO  valid result: 
recall@3 : 0.1163    recall@5 : 0.1384    recall@10 : 0.1701    recall@20 : 0.2113    ndcg@3 : 0.098    ndcg@5 : 0.1071    ndcg@10 : 0.1174    ndcg@20 : 0.1278    
Tue 16 May 2023 14:38:08 INFO  Saving current best: saved\SASRecD-May-16-2023_14-08-43.pth
Tue 16 May 2023 14:38:26 INFO  epoch 96 training [time: 17.79s, train loss: 148.7416]
Tue 16 May 2023 14:38:44 INFO  epoch 97 training [time: 17.67s, train loss: 148.5606]
Tue 16 May 2023 14:38:45 INFO  epoch 97 evaluating [time: 1.10s, valid_score: 0.211100]
Tue 16 May 2023 14:38:45 INFO  valid result: 
recall@3 : 0.1164    recall@5 : 0.1381    recall@10 : 0.171    recall@20 : 0.2111    ndcg@3 : 0.0981    ndcg@5 : 0.107    ndcg@10 : 0.1176    ndcg@20 : 0.1277    
Tue 16 May 2023 14:39:02 INFO  epoch 98 training [time: 17.63s, train loss: 148.4261]
Tue 16 May 2023 14:39:20 INFO  epoch 99 training [time: 17.60s, train loss: 147.2503]
Tue 16 May 2023 14:39:21 INFO  epoch 99 evaluating [time: 1.09s, valid_score: 0.211600]
Tue 16 May 2023 14:39:21 INFO  valid result: 
recall@3 : 0.1161    recall@5 : 0.1387    recall@10 : 0.172    recall@20 : 0.2116    ndcg@3 : 0.0979    ndcg@5 : 0.1071    ndcg@10 : 0.1178    ndcg@20 : 0.1278    
Tue 16 May 2023 14:39:21 INFO  Saving current best: saved\SASRecD-May-16-2023_14-08-43.pth
Tue 16 May 2023 14:39:39 INFO  epoch 100 training [time: 17.66s, train loss: 146.4669]
Tue 16 May 2023 14:39:57 INFO  epoch 101 training [time: 17.65s, train loss: 146.7484]
Tue 16 May 2023 14:39:58 INFO  epoch 101 evaluating [time: 1.08s, valid_score: 0.211200]
Tue 16 May 2023 14:39:58 INFO  valid result: 
recall@3 : 0.1165    recall@5 : 0.1384    recall@10 : 0.1716    recall@20 : 0.2112    ndcg@3 : 0.0981    ndcg@5 : 0.1071    ndcg@10 : 0.1178    ndcg@20 : 0.1278    
Tue 16 May 2023 14:40:15 INFO  epoch 102 training [time: 17.62s, train loss: 146.3292]
Tue 16 May 2023 14:40:33 INFO  epoch 103 training [time: 17.70s, train loss: 145.9500]
Tue 16 May 2023 14:40:34 INFO  epoch 103 evaluating [time: 1.10s, valid_score: 0.211200]
Tue 16 May 2023 14:40:34 INFO  valid result: 
recall@3 : 0.1169    recall@5 : 0.1389    recall@10 : 0.172    recall@20 : 0.2112    ndcg@3 : 0.0982    ndcg@5 : 0.1072    ndcg@10 : 0.1179    ndcg@20 : 0.1278    
Tue 16 May 2023 14:40:52 INFO  epoch 104 training [time: 17.63s, train loss: 145.4573]
Tue 16 May 2023 14:41:10 INFO  epoch 105 training [time: 17.67s, train loss: 144.5145]
Tue 16 May 2023 14:41:11 INFO  epoch 105 evaluating [time: 1.09s, valid_score: 0.213400]
Tue 16 May 2023 14:41:11 INFO  valid result: 
recall@3 : 0.1172    recall@5 : 0.1391    recall@10 : 0.1723    recall@20 : 0.2134    ndcg@3 : 0.0984    ndcg@5 : 0.1074    ndcg@10 : 0.1182    ndcg@20 : 0.1286    
Tue 16 May 2023 14:41:11 INFO  Saving current best: saved\SASRecD-May-16-2023_14-08-43.pth
Tue 16 May 2023 14:41:29 INFO  epoch 106 training [time: 17.63s, train loss: 144.4651]
Tue 16 May 2023 14:41:46 INFO  epoch 107 training [time: 17.66s, train loss: 143.9247]
Tue 16 May 2023 14:41:47 INFO  epoch 107 evaluating [time: 1.10s, valid_score: 0.212100]
Tue 16 May 2023 14:41:47 INFO  valid result: 
recall@3 : 0.1172    recall@5 : 0.1387    recall@10 : 0.1725    recall@20 : 0.2121    ndcg@3 : 0.0984    ndcg@5 : 0.1072    ndcg@10 : 0.1181    ndcg@20 : 0.1282    
Tue 16 May 2023 14:42:05 INFO  epoch 108 training [time: 17.86s, train loss: 143.4873]
Tue 16 May 2023 14:42:23 INFO  epoch 109 training [time: 17.78s, train loss: 143.1631]
Tue 16 May 2023 14:42:24 INFO  epoch 109 evaluating [time: 1.09s, valid_score: 0.211500]
Tue 16 May 2023 14:42:24 INFO  valid result: 
recall@3 : 0.1184    recall@5 : 0.1383    recall@10 : 0.1727    recall@20 : 0.2115    ndcg@3 : 0.0991    ndcg@5 : 0.1073    ndcg@10 : 0.1185    ndcg@20 : 0.1283    
Tue 16 May 2023 14:42:42 INFO  epoch 110 training [time: 17.56s, train loss: 142.7060]
Tue 16 May 2023 14:42:59 INFO  epoch 111 training [time: 17.60s, train loss: 142.2922]
Tue 16 May 2023 14:43:00 INFO  epoch 111 evaluating [time: 1.09s, valid_score: 0.211300]
Tue 16 May 2023 14:43:00 INFO  valid result: 
recall@3 : 0.1181    recall@5 : 0.1389    recall@10 : 0.1725    recall@20 : 0.2113    ndcg@3 : 0.0989    ndcg@5 : 0.1075    ndcg@10 : 0.1184    ndcg@20 : 0.1282    
Tue 16 May 2023 14:43:18 INFO  epoch 112 training [time: 17.60s, train loss: 141.7540]
Tue 16 May 2023 14:43:36 INFO  epoch 113 training [time: 17.58s, train loss: 141.5062]
Tue 16 May 2023 14:43:37 INFO  epoch 113 evaluating [time: 1.10s, valid_score: 0.212300]
Tue 16 May 2023 14:43:37 INFO  valid result: 
recall@3 : 0.1184    recall@5 : 0.1397    recall@10 : 0.1736    recall@20 : 0.2123    ndcg@3 : 0.0989    ndcg@5 : 0.1077    ndcg@10 : 0.1187    ndcg@20 : 0.1284    
Tue 16 May 2023 14:43:54 INFO  epoch 114 training [time: 17.57s, train loss: 141.0820]
Tue 16 May 2023 14:44:12 INFO  epoch 115 training [time: 17.75s, train loss: 140.5339]
Tue 16 May 2023 14:44:13 INFO  epoch 115 evaluating [time: 1.08s, valid_score: 0.212400]
Tue 16 May 2023 14:44:13 INFO  valid result: 
recall@3 : 0.1182    recall@5 : 0.1392    recall@10 : 0.1743    recall@20 : 0.2124    ndcg@3 : 0.0988    ndcg@5 : 0.1075    ndcg@10 : 0.1189    ndcg@20 : 0.1285    
Tue 16 May 2023 14:44:31 INFO  epoch 116 training [time: 17.75s, train loss: 139.8233]
Tue 16 May 2023 14:44:48 INFO  epoch 117 training [time: 17.62s, train loss: 139.1219]
Tue 16 May 2023 14:44:50 INFO  epoch 117 evaluating [time: 1.09s, valid_score: 0.212200]
Tue 16 May 2023 14:44:50 INFO  valid result: 
recall@3 : 0.1193    recall@5 : 0.1403    recall@10 : 0.1722    recall@20 : 0.2122    ndcg@3 : 0.0995    ndcg@5 : 0.1081    ndcg@10 : 0.1184    ndcg@20 : 0.1286    
Tue 16 May 2023 14:45:07 INFO  epoch 118 training [time: 17.59s, train loss: 139.0882]
Tue 16 May 2023 14:45:25 INFO  epoch 119 training [time: 17.56s, train loss: 138.8578]
Tue 16 May 2023 14:45:26 INFO  epoch 119 evaluating [time: 1.09s, valid_score: 0.213400]
Tue 16 May 2023 14:45:26 INFO  valid result: 
recall@3 : 0.1179    recall@5 : 0.1401    recall@10 : 0.1734    recall@20 : 0.2134    ndcg@3 : 0.0988    ndcg@5 : 0.1079    ndcg@10 : 0.1187    ndcg@20 : 0.1288    
Tue 16 May 2023 14:45:43 INFO  epoch 120 training [time: 17.59s, train loss: 137.7555]
Tue 16 May 2023 14:46:01 INFO  epoch 121 training [time: 17.64s, train loss: 137.3843]
Tue 16 May 2023 14:46:02 INFO  epoch 121 evaluating [time: 1.08s, valid_score: 0.214100]
Tue 16 May 2023 14:46:02 INFO  valid result: 
recall@3 : 0.1195    recall@5 : 0.1406    recall@10 : 0.1751    recall@20 : 0.2141    ndcg@3 : 0.0997    ndcg@5 : 0.1084    ndcg@10 : 0.1195    ndcg@20 : 0.1293    
Tue 16 May 2023 14:46:03 INFO  Saving current best: saved\SASRecD-May-16-2023_14-08-43.pth
Tue 16 May 2023 14:46:20 INFO  epoch 122 training [time: 17.63s, train loss: 137.3708]
Tue 16 May 2023 14:46:38 INFO  epoch 123 training [time: 17.56s, train loss: 136.4687]
Tue 16 May 2023 14:46:39 INFO  epoch 123 evaluating [time: 1.10s, valid_score: 0.213000]
Tue 16 May 2023 14:46:39 INFO  valid result: 
recall@3 : 0.1184    recall@5 : 0.1416    recall@10 : 0.1742    recall@20 : 0.213    ndcg@3 : 0.099    ndcg@5 : 0.1085    ndcg@10 : 0.1191    ndcg@20 : 0.1289    
Tue 16 May 2023 14:46:56 INFO  epoch 124 training [time: 17.59s, train loss: 136.0548]
Tue 16 May 2023 14:47:14 INFO  epoch 125 training [time: 17.63s, train loss: 136.0162]
Tue 16 May 2023 14:47:15 INFO  epoch 125 evaluating [time: 1.10s, valid_score: 0.213600]
Tue 16 May 2023 14:47:15 INFO  valid result: 
recall@3 : 0.1191    recall@5 : 0.1419    recall@10 : 0.1751    recall@20 : 0.2136    ndcg@3 : 0.0997    ndcg@5 : 0.1091    ndcg@10 : 0.1198    ndcg@20 : 0.1295    
Tue 16 May 2023 14:47:33 INFO  epoch 126 training [time: 17.57s, train loss: 135.3376]
Tue 16 May 2023 14:47:50 INFO  epoch 127 training [time: 17.62s, train loss: 134.5868]
Tue 16 May 2023 14:47:51 INFO  epoch 127 evaluating [time: 1.09s, valid_score: 0.215000]
Tue 16 May 2023 14:47:51 INFO  valid result: 
recall@3 : 0.1193    recall@5 : 0.1418    recall@10 : 0.1738    recall@20 : 0.215    ndcg@3 : 0.0997    ndcg@5 : 0.1089    ndcg@10 : 0.1193    ndcg@20 : 0.1298    
Tue 16 May 2023 14:47:52 INFO  Saving current best: saved\SASRecD-May-16-2023_14-08-43.pth
Tue 16 May 2023 14:48:09 INFO  epoch 128 training [time: 17.64s, train loss: 134.1182]
Tue 16 May 2023 14:48:27 INFO  epoch 129 training [time: 17.78s, train loss: 133.7160]
Tue 16 May 2023 14:48:28 INFO  epoch 129 evaluating [time: 1.11s, valid_score: 0.215200]
Tue 16 May 2023 14:48:28 INFO  valid result: 
recall@3 : 0.1191    recall@5 : 0.1426    recall@10 : 0.1746    recall@20 : 0.2152    ndcg@3 : 0.0997    ndcg@5 : 0.1093    ndcg@10 : 0.1196    ndcg@20 : 0.1299    
Tue 16 May 2023 14:48:29 INFO  Saving current best: saved\SASRecD-May-16-2023_14-08-43.pth
Tue 16 May 2023 14:48:46 INFO  epoch 130 training [time: 17.61s, train loss: 133.4997]
Tue 16 May 2023 14:49:04 INFO  epoch 131 training [time: 17.66s, train loss: 132.9353]
Tue 16 May 2023 14:49:05 INFO  epoch 131 evaluating [time: 1.09s, valid_score: 0.214800]
Tue 16 May 2023 14:49:05 INFO  valid result: 
recall@3 : 0.1193    recall@5 : 0.1417    recall@10 : 0.1736    recall@20 : 0.2148    ndcg@3 : 0.0997    ndcg@5 : 0.1089    ndcg@10 : 0.1193    ndcg@20 : 0.1297    
Tue 16 May 2023 14:49:23 INFO  epoch 132 training [time: 17.63s, train loss: 132.4393]
Tue 16 May 2023 14:49:40 INFO  epoch 133 training [time: 17.58s, train loss: 131.7017]
Tue 16 May 2023 14:49:41 INFO  epoch 133 evaluating [time: 1.09s, valid_score: 0.214900]
Tue 16 May 2023 14:49:41 INFO  valid result: 
recall@3 : 0.12    recall@5 : 0.1422    recall@10 : 0.1746    recall@20 : 0.2149    ndcg@3 : 0.1    ndcg@5 : 0.1092    ndcg@10 : 0.1196    ndcg@20 : 0.1298    
Tue 16 May 2023 14:49:59 INFO  epoch 134 training [time: 17.68s, train loss: 131.4996]
Tue 16 May 2023 14:50:17 INFO  epoch 135 training [time: 17.64s, train loss: 131.0345]
Tue 16 May 2023 14:50:18 INFO  epoch 135 evaluating [time: 1.10s, valid_score: 0.215600]
Tue 16 May 2023 14:50:18 INFO  valid result: 
recall@3 : 0.1188    recall@5 : 0.1428    recall@10 : 0.175    recall@20 : 0.2156    ndcg@3 : 0.0995    ndcg@5 : 0.1094    ndcg@10 : 0.1198    ndcg@20 : 0.13    
Tue 16 May 2023 14:50:18 INFO  Saving current best: saved\SASRecD-May-16-2023_14-08-43.pth
Tue 16 May 2023 14:50:36 INFO  epoch 136 training [time: 17.65s, train loss: 130.4487]
Tue 16 May 2023 14:50:54 INFO  epoch 137 training [time: 17.69s, train loss: 130.1423]
Tue 16 May 2023 14:50:55 INFO  epoch 137 evaluating [time: 1.20s, valid_score: 0.214600]
Tue 16 May 2023 14:50:55 INFO  valid result: 
recall@3 : 0.12    recall@5 : 0.1424    recall@10 : 0.1751    recall@20 : 0.2146    ndcg@3 : 0.1002    ndcg@5 : 0.1094    ndcg@10 : 0.12    ndcg@20 : 0.13    
Tue 16 May 2023 14:51:13 INFO  epoch 138 training [time: 17.65s, train loss: 129.6296]
Tue 16 May 2023 14:51:30 INFO  epoch 139 training [time: 17.52s, train loss: 129.1560]
Tue 16 May 2023 14:51:31 INFO  epoch 139 evaluating [time: 1.10s, valid_score: 0.215900]
Tue 16 May 2023 14:51:31 INFO  valid result: 
recall@3 : 0.1197    recall@5 : 0.1429    recall@10 : 0.1761    recall@20 : 0.2159    ndcg@3 : 0.0999    ndcg@5 : 0.1094    ndcg@10 : 0.1201    ndcg@20 : 0.1302    
Tue 16 May 2023 14:51:31 INFO  Saving current best: saved\SASRecD-May-16-2023_14-08-43.pth
Tue 16 May 2023 14:51:49 INFO  epoch 140 training [time: 17.46s, train loss: 128.6789]
Tue 16 May 2023 14:52:07 INFO  epoch 141 training [time: 17.57s, train loss: 127.7261]
Tue 16 May 2023 14:52:08 INFO  epoch 141 evaluating [time: 1.09s, valid_score: 0.214800]
Tue 16 May 2023 14:52:08 INFO  valid result: 
recall@3 : 0.1201    recall@5 : 0.1416    recall@10 : 0.1764    recall@20 : 0.2148    ndcg@3 : 0.1001    ndcg@5 : 0.1089    ndcg@10 : 0.1202    ndcg@20 : 0.1299    
Tue 16 May 2023 14:52:25 INFO  epoch 142 training [time: 17.51s, train loss: 127.7240]
Tue 16 May 2023 14:52:43 INFO  epoch 143 training [time: 17.49s, train loss: 127.2112]
Tue 16 May 2023 14:52:44 INFO  epoch 143 evaluating [time: 1.11s, valid_score: 0.216700]
Tue 16 May 2023 14:52:44 INFO  valid result: 
recall@3 : 0.1204    recall@5 : 0.1422    recall@10 : 0.1756    recall@20 : 0.2167    ndcg@3 : 0.1007    ndcg@5 : 0.1096    ndcg@10 : 0.1205    ndcg@20 : 0.1308    
Tue 16 May 2023 14:52:44 INFO  Saving current best: saved\SASRecD-May-16-2023_14-08-43.pth
Tue 16 May 2023 14:53:02 INFO  epoch 144 training [time: 17.44s, train loss: 126.9090]
Tue 16 May 2023 14:53:19 INFO  epoch 145 training [time: 17.47s, train loss: 125.7160]
Tue 16 May 2023 14:53:20 INFO  epoch 145 evaluating [time: 1.10s, valid_score: 0.215700]
Tue 16 May 2023 14:53:20 INFO  valid result: 
recall@3 : 0.1197    recall@5 : 0.1419    recall@10 : 0.1764    recall@20 : 0.2157    ndcg@3 : 0.1002    ndcg@5 : 0.1094    ndcg@10 : 0.1205    ndcg@20 : 0.1304    
Tue 16 May 2023 14:53:38 INFO  epoch 146 training [time: 17.46s, train loss: 125.7358]
Tue 16 May 2023 14:53:55 INFO  epoch 147 training [time: 17.45s, train loss: 125.0144]
Tue 16 May 2023 14:53:56 INFO  epoch 147 evaluating [time: 1.09s, valid_score: 0.216900]
Tue 16 May 2023 14:53:56 INFO  valid result: 
recall@3 : 0.1211    recall@5 : 0.1421    recall@10 : 0.1774    recall@20 : 0.2169    ndcg@3 : 0.1009    ndcg@5 : 0.1096    ndcg@10 : 0.1209    ndcg@20 : 0.1309    
Tue 16 May 2023 14:53:57 INFO  Saving current best: saved\SASRecD-May-16-2023_14-08-43.pth
Tue 16 May 2023 14:54:14 INFO  epoch 148 training [time: 17.65s, train loss: 124.7900]
Tue 16 May 2023 14:54:32 INFO  epoch 149 training [time: 17.52s, train loss: 124.5038]
Tue 16 May 2023 14:54:33 INFO  epoch 149 evaluating [time: 1.10s, valid_score: 0.217400]
Tue 16 May 2023 14:54:33 INFO  valid result: 
recall@3 : 0.1204    recall@5 : 0.1429    recall@10 : 0.1756    recall@20 : 0.2174    ndcg@3 : 0.1003    ndcg@5 : 0.1095    ndcg@10 : 0.1201    ndcg@20 : 0.1306    
Tue 16 May 2023 14:54:33 INFO  Saving current best: saved\SASRecD-May-16-2023_14-08-43.pth
Tue 16 May 2023 14:54:51 INFO  epoch 150 training [time: 17.40s, train loss: 123.9323]
Tue 16 May 2023 14:55:08 INFO  epoch 151 training [time: 17.41s, train loss: 123.5736]
Tue 16 May 2023 14:55:09 INFO  epoch 151 evaluating [time: 1.10s, valid_score: 0.216200]
Tue 16 May 2023 14:55:09 INFO  valid result: 
recall@3 : 0.1205    recall@5 : 0.1424    recall@10 : 0.1761    recall@20 : 0.2162    ndcg@3 : 0.1005    ndcg@5 : 0.1095    ndcg@10 : 0.1204    ndcg@20 : 0.1305    
Tue 16 May 2023 14:55:27 INFO  epoch 152 training [time: 17.42s, train loss: 122.7252]
Tue 16 May 2023 14:55:44 INFO  epoch 153 training [time: 17.60s, train loss: 122.2943]
Tue 16 May 2023 14:55:45 INFO  epoch 153 evaluating [time: 1.09s, valid_score: 0.216500]
Tue 16 May 2023 14:55:45 INFO  valid result: 
recall@3 : 0.1215    recall@5 : 0.1436    recall@10 : 0.1768    recall@20 : 0.2165    ndcg@3 : 0.101    ndcg@5 : 0.11    ndcg@10 : 0.1208    ndcg@20 : 0.1307    
Tue 16 May 2023 14:56:03 INFO  epoch 154 training [time: 17.58s, train loss: 121.9884]
Tue 16 May 2023 14:56:20 INFO  epoch 155 training [time: 17.55s, train loss: 120.8673]
Tue 16 May 2023 14:56:21 INFO  epoch 155 evaluating [time: 1.11s, valid_score: 0.216700]
Tue 16 May 2023 14:56:21 INFO  valid result: 
recall@3 : 0.121    recall@5 : 0.1433    recall@10 : 0.1769    recall@20 : 0.2167    ndcg@3 : 0.101    ndcg@5 : 0.1101    ndcg@10 : 0.121    ndcg@20 : 0.1311    
Tue 16 May 2023 14:56:39 INFO  epoch 156 training [time: 17.48s, train loss: 120.7591]
Tue 16 May 2023 14:56:56 INFO  epoch 157 training [time: 17.39s, train loss: 120.1738]
Tue 16 May 2023 14:56:57 INFO  epoch 157 evaluating [time: 1.10s, valid_score: 0.216300]
Tue 16 May 2023 14:56:57 INFO  valid result: 
recall@3 : 0.1212    recall@5 : 0.1439    recall@10 : 0.1768    recall@20 : 0.2163    ndcg@3 : 0.101    ndcg@5 : 0.1102    ndcg@10 : 0.1208    ndcg@20 : 0.1308    
Tue 16 May 2023 14:57:15 INFO  epoch 158 training [time: 17.44s, train loss: 119.5089]
Tue 16 May 2023 14:57:32 INFO  epoch 159 training [time: 17.38s, train loss: 118.8604]
Tue 16 May 2023 14:57:33 INFO  epoch 159 evaluating [time: 1.09s, valid_score: 0.216700]
Tue 16 May 2023 14:57:33 INFO  valid result: 
recall@3 : 0.121    recall@5 : 0.1429    recall@10 : 0.1761    recall@20 : 0.2167    ndcg@3 : 0.1009    ndcg@5 : 0.1099    ndcg@10 : 0.1206    ndcg@20 : 0.1308    
Tue 16 May 2023 14:57:51 INFO  epoch 160 training [time: 17.44s, train loss: 118.3628]
Tue 16 May 2023 14:58:08 INFO  epoch 161 training [time: 17.47s, train loss: 118.4931]
Tue 16 May 2023 14:58:09 INFO  epoch 161 evaluating [time: 1.10s, valid_score: 0.218400]
Tue 16 May 2023 14:58:09 INFO  valid result: 
recall@3 : 0.1215    recall@5 : 0.1438    recall@10 : 0.176    recall@20 : 0.2184    ndcg@3 : 0.1012    ndcg@5 : 0.1104    ndcg@10 : 0.1208    ndcg@20 : 0.1314    
Tue 16 May 2023 14:58:10 INFO  Saving current best: saved\SASRecD-May-16-2023_14-08-43.pth
Tue 16 May 2023 14:58:27 INFO  epoch 162 training [time: 17.57s, train loss: 117.7885]
Tue 16 May 2023 14:58:45 INFO  epoch 163 training [time: 17.55s, train loss: 117.5741]
Tue 16 May 2023 14:58:46 INFO  epoch 163 evaluating [time: 1.09s, valid_score: 0.216800]
Tue 16 May 2023 14:58:46 INFO  valid result: 
recall@3 : 0.1214    recall@5 : 0.1441    recall@10 : 0.1756    recall@20 : 0.2168    ndcg@3 : 0.1009    ndcg@5 : 0.1102    ndcg@10 : 0.1204    ndcg@20 : 0.1308    
Tue 16 May 2023 14:59:03 INFO  epoch 164 training [time: 17.45s, train loss: 116.7740]
Tue 16 May 2023 14:59:21 INFO  epoch 165 training [time: 17.46s, train loss: 115.6643]
Tue 16 May 2023 14:59:22 INFO  epoch 165 evaluating [time: 1.12s, valid_score: 0.217800]
Tue 16 May 2023 14:59:22 INFO  valid result: 
recall@3 : 0.121    recall@5 : 0.1435    recall@10 : 0.1763    recall@20 : 0.2178    ndcg@3 : 0.1006    ndcg@5 : 0.1098    ndcg@10 : 0.1205    ndcg@20 : 0.1309    
Tue 16 May 2023 14:59:39 INFO  epoch 166 training [time: 17.45s, train loss: 115.6071]
Tue 16 May 2023 14:59:57 INFO  epoch 167 training [time: 17.49s, train loss: 115.3000]
Tue 16 May 2023 14:59:58 INFO  epoch 167 evaluating [time: 1.09s, valid_score: 0.216300]
Tue 16 May 2023 14:59:58 INFO  valid result: 
recall@3 : 0.1211    recall@5 : 0.1446    recall@10 : 0.1771    recall@20 : 0.2163    ndcg@3 : 0.101    ndcg@5 : 0.1106    ndcg@10 : 0.1211    ndcg@20 : 0.1309    
Tue 16 May 2023 15:00:16 INFO  epoch 168 training [time: 17.61s, train loss: 114.7006]
Tue 16 May 2023 15:00:33 INFO  epoch 169 training [time: 17.53s, train loss: 114.0962]
Tue 16 May 2023 15:00:34 INFO  epoch 169 evaluating [time: 1.11s, valid_score: 0.215500]
Tue 16 May 2023 15:00:34 INFO  valid result: 
recall@3 : 0.1213    recall@5 : 0.1438    recall@10 : 0.1767    recall@20 : 0.2155    ndcg@3 : 0.101    ndcg@5 : 0.1102    ndcg@10 : 0.1209    ndcg@20 : 0.1306    
Tue 16 May 2023 15:00:52 INFO  epoch 170 training [time: 17.44s, train loss: 113.1842]
Tue 16 May 2023 15:01:09 INFO  epoch 171 training [time: 17.46s, train loss: 113.3882]
Tue 16 May 2023 15:01:10 INFO  epoch 171 evaluating [time: 1.10s, valid_score: 0.217400]
Tue 16 May 2023 15:01:10 INFO  valid result: 
recall@3 : 0.121    recall@5 : 0.1434    recall@10 : 0.1773    recall@20 : 0.2174    ndcg@3 : 0.1007    ndcg@5 : 0.1099    ndcg@10 : 0.1209    ndcg@20 : 0.131    
Tue 16 May 2023 15:01:28 INFO  epoch 172 training [time: 17.40s, train loss: 112.2290]
Tue 16 May 2023 15:01:45 INFO  epoch 173 training [time: 17.43s, train loss: 111.9247]
Tue 16 May 2023 15:01:46 INFO  epoch 173 evaluating [time: 1.10s, valid_score: 0.218300]
Tue 16 May 2023 15:01:46 INFO  valid result: 
recall@3 : 0.1203    recall@5 : 0.1438    recall@10 : 0.177    recall@20 : 0.2183    ndcg@3 : 0.1005    ndcg@5 : 0.1101    ndcg@10 : 0.1209    ndcg@20 : 0.1312    
Tue 16 May 2023 15:02:04 INFO  epoch 174 training [time: 17.48s, train loss: 111.4856]
Tue 16 May 2023 15:02:21 INFO  epoch 175 training [time: 17.63s, train loss: 110.5251]
Tue 16 May 2023 15:02:22 INFO  epoch 175 evaluating [time: 1.09s, valid_score: 0.217900]
Tue 16 May 2023 15:02:22 INFO  valid result: 
recall@3 : 0.1203    recall@5 : 0.1436    recall@10 : 0.1778    recall@20 : 0.2179    ndcg@3 : 0.1009    ndcg@5 : 0.1105    ndcg@10 : 0.1215    ndcg@20 : 0.1315    
Tue 16 May 2023 15:02:40 INFO  epoch 176 training [time: 17.43s, train loss: 110.2317]
Tue 16 May 2023 15:02:57 INFO  epoch 177 training [time: 17.41s, train loss: 110.2918]
Tue 16 May 2023 15:02:58 INFO  epoch 177 evaluating [time: 1.10s, valid_score: 0.217500]
Tue 16 May 2023 15:02:58 INFO  valid result: 
recall@3 : 0.1217    recall@5 : 0.1436    recall@10 : 0.178    recall@20 : 0.2175    ndcg@3 : 0.1014    ndcg@5 : 0.1104    ndcg@10 : 0.1214    ndcg@20 : 0.1313    
Tue 16 May 2023 15:03:16 INFO  epoch 178 training [time: 17.46s, train loss: 109.5904]
Tue 16 May 2023 15:03:33 INFO  epoch 179 training [time: 17.45s, train loss: 108.5968]
Tue 16 May 2023 15:03:34 INFO  epoch 179 evaluating [time: 1.10s, valid_score: 0.216400]
Tue 16 May 2023 15:03:34 INFO  valid result: 
recall@3 : 0.1214    recall@5 : 0.1437    recall@10 : 0.1777    recall@20 : 0.2164    ndcg@3 : 0.1011    ndcg@5 : 0.1102    ndcg@10 : 0.1211    ndcg@20 : 0.1308    
Tue 16 May 2023 15:03:52 INFO  epoch 180 training [time: 17.40s, train loss: 108.0052]
Tue 16 May 2023 15:04:09 INFO  epoch 181 training [time: 17.57s, train loss: 107.3032]
Tue 16 May 2023 15:04:10 INFO  epoch 181 evaluating [time: 1.10s, valid_score: 0.217800]
Tue 16 May 2023 15:04:10 INFO  valid result: 
recall@3 : 0.1212    recall@5 : 0.1439    recall@10 : 0.1771    recall@20 : 0.2178    ndcg@3 : 0.1012    ndcg@5 : 0.1105    ndcg@10 : 0.1213    ndcg@20 : 0.1315    
Tue 16 May 2023 15:04:28 INFO  epoch 182 training [time: 17.80s, train loss: 107.0423]
Tue 16 May 2023 15:04:46 INFO  epoch 183 training [time: 17.43s, train loss: 106.9498]
Tue 16 May 2023 15:04:47 INFO  epoch 183 evaluating [time: 1.11s, valid_score: 0.219100]
Tue 16 May 2023 15:04:47 INFO  valid result: 
recall@3 : 0.1206    recall@5 : 0.1439    recall@10 : 0.1772    recall@20 : 0.2191    ndcg@3 : 0.1011    ndcg@5 : 0.1107    ndcg@10 : 0.1215    ndcg@20 : 0.132    
Tue 16 May 2023 15:04:47 INFO  Saving current best: saved\SASRecD-May-16-2023_14-08-43.pth
Tue 16 May 2023 15:05:05 INFO  epoch 184 training [time: 17.44s, train loss: 105.9606]
Tue 16 May 2023 15:05:22 INFO  epoch 185 training [time: 17.43s, train loss: 105.8405]
Tue 16 May 2023 15:05:23 INFO  epoch 185 evaluating [time: 1.09s, valid_score: 0.218400]
Tue 16 May 2023 15:05:23 INFO  valid result: 
recall@3 : 0.1211    recall@5 : 0.1444    recall@10 : 0.1768    recall@20 : 0.2184    ndcg@3 : 0.1009    ndcg@5 : 0.1105    ndcg@10 : 0.121    ndcg@20 : 0.1314    
Tue 16 May 2023 15:05:41 INFO  epoch 186 training [time: 17.46s, train loss: 105.2117]
Tue 16 May 2023 15:05:58 INFO  epoch 187 training [time: 17.48s, train loss: 104.6738]
Tue 16 May 2023 15:05:59 INFO  epoch 187 evaluating [time: 1.09s, valid_score: 0.218700]
Tue 16 May 2023 15:05:59 INFO  valid result: 
recall@3 : 0.1217    recall@5 : 0.1447    recall@10 : 0.1765    recall@20 : 0.2187    ndcg@3 : 0.1016    ndcg@5 : 0.111    ndcg@10 : 0.1213    ndcg@20 : 0.1319    
Tue 16 May 2023 15:06:17 INFO  epoch 188 training [time: 17.69s, train loss: 103.9125]
Tue 16 May 2023 15:06:34 INFO  epoch 189 training [time: 17.53s, train loss: 102.8869]
Tue 16 May 2023 15:06:35 INFO  epoch 189 evaluating [time: 1.11s, valid_score: 0.218200]
Tue 16 May 2023 15:06:35 INFO  valid result: 
recall@3 : 0.1218    recall@5 : 0.1447    recall@10 : 0.1764    recall@20 : 0.2182    ndcg@3 : 0.1016    ndcg@5 : 0.1111    ndcg@10 : 0.1213    ndcg@20 : 0.1318    
Tue 16 May 2023 15:06:53 INFO  epoch 190 training [time: 17.43s, train loss: 103.0098]
Tue 16 May 2023 15:07:10 INFO  epoch 191 training [time: 17.49s, train loss: 102.5127]
Tue 16 May 2023 15:07:12 INFO  epoch 191 evaluating [time: 1.10s, valid_score: 0.217500]
Tue 16 May 2023 15:07:12 INFO  valid result: 
recall@3 : 0.1218    recall@5 : 0.1444    recall@10 : 0.1771    recall@20 : 0.2175    ndcg@3 : 0.1017    ndcg@5 : 0.111    ndcg@10 : 0.1215    ndcg@20 : 0.1317    
Tue 16 May 2023 15:07:29 INFO  epoch 192 training [time: 17.44s, train loss: 101.5732]
Tue 16 May 2023 15:07:46 INFO  epoch 193 training [time: 17.43s, train loss: 101.7346]
Tue 16 May 2023 15:07:47 INFO  epoch 193 evaluating [time: 1.10s, valid_score: 0.218200]
Tue 16 May 2023 15:07:47 INFO  valid result: 
recall@3 : 0.1213    recall@5 : 0.1442    recall@10 : 0.1784    recall@20 : 0.2182    ndcg@3 : 0.1015    ndcg@5 : 0.1109    ndcg@10 : 0.1219    ndcg@20 : 0.1319    
Tue 16 May 2023 15:08:05 INFO  epoch 194 training [time: 17.50s, train loss: 100.4048]
Tue 16 May 2023 15:08:23 INFO  epoch 195 training [time: 17.62s, train loss: 99.9306]
Tue 16 May 2023 15:08:24 INFO  epoch 195 evaluating [time: 1.09s, valid_score: 0.217900]
Tue 16 May 2023 15:08:24 INFO  valid result: 
recall@3 : 0.1223    recall@5 : 0.1437    recall@10 : 0.1777    recall@20 : 0.2179    ndcg@3 : 0.1018    ndcg@5 : 0.1106    ndcg@10 : 0.1216    ndcg@20 : 0.1317    
Tue 16 May 2023 15:08:41 INFO  epoch 196 training [time: 17.45s, train loss: 99.5325]
Tue 16 May 2023 15:08:59 INFO  epoch 197 training [time: 17.41s, train loss: 98.9283]
Tue 16 May 2023 15:09:00 INFO  epoch 197 evaluating [time: 1.11s, valid_score: 0.217900]
Tue 16 May 2023 15:09:00 INFO  valid result: 
recall@3 : 0.1211    recall@5 : 0.1443    recall@10 : 0.1774    recall@20 : 0.2179    ndcg@3 : 0.1012    ndcg@5 : 0.1107    ndcg@10 : 0.1214    ndcg@20 : 0.1315    
Tue 16 May 2023 15:09:17 INFO  epoch 198 training [time: 17.48s, train loss: 97.9908]
Tue 16 May 2023 15:09:35 INFO  epoch 199 training [time: 17.40s, train loss: 97.8166]
Tue 16 May 2023 15:09:36 INFO  epoch 199 evaluating [time: 1.10s, valid_score: 0.219200]
Tue 16 May 2023 15:09:36 INFO  valid result: 
recall@3 : 0.1222    recall@5 : 0.1435    recall@10 : 0.1779    recall@20 : 0.2192    ndcg@3 : 0.1019    ndcg@5 : 0.1107    ndcg@10 : 0.1218    ndcg@20 : 0.1322    
Tue 16 May 2023 15:09:36 INFO  Saving current best: saved\SASRecD-May-16-2023_14-08-43.pth
Tue 16 May 2023 15:09:36 INFO  Loading model structure and parameters from saved\SASRecD-May-16-2023_14-08-43.pth
Tue 16 May 2023 15:09:37 INFO  best valid : {'recall@3': 0.1222, 'recall@5': 0.1435, 'recall@10': 0.1779, 'recall@20': 0.2192, 'ndcg@3': 0.1019, 'ndcg@5': 0.1107, 'ndcg@10': 0.1218, 'ndcg@20': 0.1322}
Tue 16 May 2023 15:09:37 INFO  test result: {'recall@3': 0.1084, 'recall@5': 0.1283, 'recall@10': 0.1539, 'recall@20': 0.1874, 'ndcg@3': 0.0931, 'ndcg@5': 0.1012, 'ndcg@10': 0.1095, 'ndcg@20': 0.1179}
